2017-05-12 11:49:24,474 INFO  [org.alfresco.repo.admin] [localhost-startStop-1] Using database URL 'jdbc:h2:C:\Users\tenti\YandexDisk-p4535993\[PROJECTS]\workspace-dialogopa-2017\alfresco_project_01\alfresco-manager/alf_data_dev/h2_data/alf_dev;AUTO_SERVER=TRUE;DB_CLOSE_ON_EXIT=FALSE;LOCK_TIMEOUT=10000;MVCC=FALSE;LOCK_MODE=0' with user 'alfresco'.
2017-05-12 11:49:24,476 INFO  [org.alfresco.repo.admin] [localhost-startStop-1] Connected to database H2 version 1.4.190 (2015-10-11)
2017-05-12 11:49:28,970 INFO  [org.alfresco.repo.domain.schema.SchemaBootstrap] [localhost-startStop-1] Ignoring script patch (post-Hibernate): patch.db-V4.2-metadata-query-indexes
2017-05-12 11:49:28,970 INFO  [org.alfresco.repo.domain.schema.SchemaBootstrap] [localhost-startStop-1] Ignoring script patch (post-Hibernate): patch.db-V5.1-metadata-query-indexes
2017-05-12 11:49:28,971 INFO  [org.alfresco.repo.domain.schema.SchemaBootstrap] [localhost-startStop-1] Ignoring script patch (post-Hibernate): patch.db-V5.2-remove-jbpm-tables-from-db
2017-05-12 11:49:36,194 INFO  [org.alfresco.repo.management.subsystems.ChildApplicationContextFactory] [localhost-startStop-1] Starting 'Authentication' subsystem, ID: [Authentication, managed, alfrescoNtlm1]
2017-05-12 11:49:36,382 INFO  [org.alfresco.repo.management.subsystems.ChildApplicationContextFactory] [localhost-startStop-1] Startup of 'Authentication' subsystem, ID: [Authentication, managed, alfrescoNtlm1] complete
2017-05-12 11:49:38,881 INFO  [org.springframework.extensions.webscripts.TemplateProcessorRegistry] [localhost-startStop-1] Registered template processor Repository Template Processor for extension ftl
2017-05-12 11:49:38,884 INFO  [org.springframework.extensions.webscripts.ScriptProcessorRegistry] [localhost-startStop-1] Registered script processor Repository Script Processor for extension js
2017-05-12 11:49:41,428 INFO  [org.alfresco.repo.management.subsystems.ChildApplicationContextFactory] [localhost-startStop-1] Starting 'ContentStore' subsystem, ID: [ContentStore, managed, unencrypted]
2017-05-12 11:49:41,470 INFO  [org.alfresco.repo.management.subsystems.ChildApplicationContextFactory] [localhost-startStop-1] Startup of 'ContentStore' subsystem, ID: [ContentStore, managed, unencrypted] complete
2017-05-12 11:49:41,489 INFO  [org.alfresco.repo.domain.schema.SchemaBootstrap] [localhost-startStop-1] Connecting to database: jdbc:h2:C:\Users\tenti\YandexDisk-p4535993\[PROJECTS]\workspace-dialogopa-2017\alfresco_project_01\alfresco-manager/alf_data_dev/h2_data/alf_dev, UserName=ALFRESCO, H2 JDBC Driver
2017-05-12 11:49:41,489 INFO  [org.alfresco.repo.domain.schema.SchemaBootstrap] [localhost-startStop-1] Schema managed by database dialect org.hibernate.dialect.H2Dialect.
2017-05-12 11:49:41,568 WARN  [org.alfresco.repo.domain.schema.SchemaBootstrap] [localhost-startStop-1] Schema validation found 85 potential problems, results written to: C:\Users\tenti\AppData\Local\Temp\Alfresco\Alfresco-H2Dialect-Validation-Pre-Upgrade-alf_-3492555924970234180.txt
2017-05-12 11:49:41,579 WARN  [org.alfresco.repo.domain.schema.SchemaBootstrap] [localhost-startStop-1] Schema validation found 26 potential problems, results written to: C:\Users\tenti\AppData\Local\Temp\Alfresco\Alfresco-H2Dialect-Validation-Pre-Upgrade-act_-7438654267331700745.txt
2017-05-12 11:49:41,638 INFO  [org.alfresco.repo.domain.schema.SchemaBootstrap] [localhost-startStop-1] Normalized schema dumped to file C:\Users\tenti\AppData\Local\Temp\Alfresco\Alfresco-schema-H2Dialect-pre-upgrade-alf_-4145290409172809386.xml.
2017-05-12 11:49:41,638 INFO  [org.alfresco.repo.domain.schema.SchemaBootstrap] [localhost-startStop-1] Normalized schema dumped to file C:\Users\tenti\AppData\Local\Temp\Alfresco\Alfresco-schema-H2Dialect-pre-upgrade-act_-5241150111918852764.xml.
2017-05-12 11:49:41,642 INFO  [org.alfresco.repo.domain.schema.SchemaBootstrap] [localhost-startStop-1] Executing database script C:\Users\tenti\AppData\Local\Temp\Alfresco\AlfrescoSchema-H2Dialect-Update-5550890907248752376.sql (Copied from classpath:alfresco/dbscripts/create/org.hibernate.dialect.H2Dialect/AlfrescoCreate-RepoTables.sql).
2017-05-12 11:49:41,730 INFO  [org.alfresco.repo.domain.schema.SchemaBootstrap] [localhost-startStop-1] Executing database script C:\Users\tenti\AppData\Local\Temp\Alfresco\AlfrescoSchema-H2Dialect-Update-1289133245432577139.sql (Copied from classpath:alfresco/dbscripts/create/org.hibernate.dialect.H2Dialect/AlfrescoCreate-LockTables.sql).
2017-05-12 11:49:41,738 INFO  [org.alfresco.repo.domain.schema.SchemaBootstrap] [localhost-startStop-1] Executing database script C:\Users\tenti\AppData\Local\Temp\Alfresco\AlfrescoSchema-H2Dialect-Update-7715833220295612808.sql (Copied from classpath:alfresco/dbscripts/create/org.hibernate.dialect.H2Dialect/AlfrescoCreate-ContentTables.sql).
2017-05-12 11:49:41,754 INFO  [org.alfresco.repo.domain.schema.SchemaBootstrap] [localhost-startStop-1] Executing database script C:\Users\tenti\AppData\Local\Temp\Alfresco\AlfrescoSchema-H2Dialect-Update-9200054059128311380.sql (Copied from classpath:alfresco/dbscripts/create/org.hibernate.dialect.H2Dialect/AlfrescoCreate-PropertyValueTables.sql).
2017-05-12 11:49:41,775 INFO  [org.alfresco.repo.domain.schema.SchemaBootstrap] [localhost-startStop-1] Executing database script C:\Users\tenti\AppData\Local\Temp\Alfresco\AlfrescoSchema-H2Dialect-Update-5902940289958093226.sql (Copied from classpath:alfresco/dbscripts/create/org.hibernate.dialect.H2Dialect/AlfrescoCreate-ContentUrlEncryptionTables.sql).
2017-05-12 11:49:41,784 INFO  [org.alfresco.repo.domain.schema.SchemaBootstrap] [localhost-startStop-1] Executing database script C:\Users\tenti\AppData\Local\Temp\Alfresco\AlfrescoSchema-H2Dialect-Update-5178887904910275869.sql (Copied from classpath:alfresco/dbscripts/create/org.hibernate.dialect.H2Dialect/AlfrescoCreate-AuditTables.sql).
2017-05-12 11:49:41,795 INFO  [org.alfresco.repo.domain.schema.SchemaBootstrap] [localhost-startStop-1] Executing database script C:\Users\tenti\AppData\Local\Temp\Alfresco\AlfrescoSchema-H2Dialect-Update-8533033223322405666.sql (Copied from classpath:alfresco/dbscripts/create/org.hibernate.dialect.H2Dialect/AlfrescoCreate-ActivityTables.sql).
2017-05-12 11:49:41,801 INFO  [org.alfresco.repo.domain.schema.SchemaBootstrap] [localhost-startStop-1] Executing database script C:\Users\tenti\AppData\Local\Temp\Alfresco\AlfrescoSchema-H2Dialect-Update-8809731044688380579.sql (Copied from classpath:alfresco/dbscripts/create/org.hibernate.dialect.H2Dialect/AlfrescoCreate-UsageTables.sql).
2017-05-12 11:49:41,806 INFO  [org.alfresco.repo.domain.schema.SchemaBootstrap] [localhost-startStop-1] Executing database script C:\Users\tenti\AppData\Local\Temp\Alfresco\AlfrescoSchema-H2Dialect-Update-5879856007336492218.sql (Copied from classpath:alfresco/dbscripts/create/org.hibernate.dialect.H2Dialect/AlfrescoCreate-SubscriptionTables.sql).
2017-05-12 11:49:41,813 INFO  [org.alfresco.repo.domain.schema.SchemaBootstrap] [localhost-startStop-1] Executing database script C:\Users\tenti\AppData\Local\Temp\Alfresco\AlfrescoSchema-H2Dialect-Update-249883743452595383.sql (Copied from classpath:alfresco/dbscripts/create/org.hibernate.dialect.H2Dialect/AlfrescoCreate-TenantTables.sql).
2017-05-12 11:49:41,818 INFO  [org.alfresco.repo.domain.schema.SchemaBootstrap] [localhost-startStop-1] Executing database script C:\Users\tenti\AppData\Local\Temp\Alfresco\AlfrescoSchema-H2Dialect-Update-6780782927846036021.sql (Copied from classpath:alfresco/dbscripts/create/org.hibernate.dialect.H2Dialect/AlfrescoCreate-AuthorizationTables.sql).
2017-05-12 11:49:41,826 INFO  [org.alfresco.repo.domain.schema.SchemaBootstrap] [localhost-startStop-1] Create scripts executed in 306 ms
2017-05-12 11:49:42,265 INFO  [org.alfresco.repo.domain.schema.SchemaBootstrap] [localhost-startStop-1] All executed statements:  C:\Users\tenti\AppData\Local\Temp\Alfresco\AlfrescoSchema-H2Dialect-All_Statements-292715982449472274.sql.
2017-05-12 11:49:42,655 WARN  [org.alfresco.repo.domain.schema.SchemaBootstrap] [localhost-startStop-1] Schema validation found 754 potential problems, results written to: C:\Users\tenti\AppData\Local\Temp\Alfresco\Alfresco-H2Dialect-Validation-Post-Upgrade-alf_-6458382627435207997.txt
2017-05-12 11:49:42,795 WARN  [org.alfresco.repo.domain.schema.SchemaBootstrap] [localhost-startStop-1] Schema validation found 275 potential problems, results written to: C:\Users\tenti\AppData\Local\Temp\Alfresco\Alfresco-H2Dialect-Validation-Post-Upgrade-act_-7492251186016540924.txt
2017-05-12 11:49:43,047 INFO  [org.alfresco.repo.domain.schema.SchemaBootstrap] [localhost-startStop-1] Normalized schema dumped to file C:\Users\tenti\AppData\Local\Temp\Alfresco\Alfresco-schema-H2Dialect-post-upgrade-alf_-1362794612512168561.xml.
2017-05-12 11:49:43,047 INFO  [org.alfresco.repo.domain.schema.SchemaBootstrap] [localhost-startStop-1] Normalized schema dumped to file C:\Users\tenti\AppData\Local\Temp\Alfresco\Alfresco-schema-H2Dialect-post-upgrade-act_-2693695949558738625.xml.
2017-05-12 11:49:43,219 INFO  [org.alfresco.repo.management.subsystems.ChildApplicationContextFactory] [localhost-startStop-1] Starting 'Search' subsystem, ID: [Search, managed, solr4]
2017-05-12 11:49:43,480 INFO  [org.alfresco.repo.management.subsystems.ChildApplicationContextFactory] [localhost-startStop-1] Startup of 'Search' subsystem, ID: [Search, managed, solr4] complete
2017-05-12 11:49:50,775 INFO  [org.alfresco.repo.management.subsystems.ChildApplicationContextFactory] [localhost-startStop-1] Starting 'thirdparty' subsystem, ID: [thirdparty, default]
2017-05-12 11:49:50,833 ERROR [org.alfresco.repo.content.transform.magick.AbstractImageMagickContentTransformerWorker] [localhost-startStop-1] ImageMagickContentTransformerWorker not available: 04120032 Failed to perform ImageMagick transformation: 
Execution result: 
   os:         Windows 10
   command:    ./ImageMagick/bin/convert C:\Users\tenti\AppData\Local\Temp\Alfresco\ImageMagickContentTransformerWorker_init_source_3493552589047944182.gif -strip C:\Users\tenti\AppData\Local\Temp\Alfresco\ImageMagickContentTransformerWorker_init_target_4376269973441712217.png
   succeeded:  false
   exit code:  1
   out:        
   err:        Cannot run program "./ImageMagick/bin/convert": CreateProcess error=2, Impossibile trovare il file specificato
2017-05-12 11:49:50,834 INFO  [org.alfresco.repo.management.subsystems.ChildApplicationContextFactory] [localhost-startStop-1] Startup of 'thirdparty' subsystem, ID: [thirdparty, default] complete
2017-05-12 11:49:50,835 INFO  [org.alfresco.repo.management.subsystems.ChildApplicationContextFactory] [localhost-startStop-1] Starting 'OOoDirect' subsystem, ID: [OOoDirect, default]
2017-05-12 11:49:51,102 ERROR [org.alfresco.util.exec.RuntimeExecBootstrapBean] [localhost-startStop-1] Bootstrap command failed: 
Execution result: 
   os:         Windows 10
   command:    soffice -accept=socket,host=127.0.0.1,port=8100;urp;StarOffice.ServiceManager -env:UserInstallation=file:///C:/Users/tenti/YandexDisk-p4535993/[PROJECTS]/workspace-dialogopa-2017/alfresco_project_01/alfresco-manager/alf_data_dev/oouser -headless -nocrashreport -nofirststartwizard -nologo -norestore
   succeeded:  false
   exit code:  2
   out:        
   err:        Cannot run program "soffice": CreateProcess error=2, Impossibile trovare il file specificato
2017-05-12 11:49:53,173 WARN  [org.alfresco.util.OpenOfficeConnectionTester] [localhost-startStop-1] An initial OpenOffice connection could not be established.
2017-05-12 11:49:53,175 INFO  [org.alfresco.repo.management.subsystems.ChildApplicationContextFactory] [localhost-startStop-1] Startup of 'OOoDirect' subsystem, ID: [OOoDirect, default] complete
2017-05-12 11:49:53,177 INFO  [org.alfresco.repo.admin.ConfigurationChecker] [localhost-startStop-1] The root data directory ('dir.root') is: C:\Users\tenti\YandexDisk-p4535993\[PROJECTS]\workspace-dialogopa-2017\alfresco_project_01\alfresco-manager\alf_data_dev
2017-05-12 11:49:53,186 INFO  [org.alfresco.repo.admin.patch.PatchExecuter] [localhost-startStop-1] Checking for patches to apply ...
2017-05-12 11:49:53,232 WARN  [org.alfresco.repo.admin.patch.PatchExecuter] [localhost-startStop-1] Patch description is not available: Patch[ id=patch.contentFormFolderType, description=patch.contentFormFolderType.description, fixesFromSchema=0, fixesToSchema=36, targetSchema=37, ignored=false]
2017-05-12 11:49:53,242 WARN  [org.alfresco.repo.admin.patch.PatchExecuter] [localhost-startStop-1] Patch description is not available: Patch[ id=patch.redeploySubmitProcess, description=patch.redeploySubmitProcess.description, fixesFromSchema=0, fixesToSchema=57, targetSchema=58, ignored=false]
2017-05-12 11:49:53,404 INFO  [org.alfresco.repo.admin.patch.PatchExecuter] [localhost-startStop-1] 	Applying patch 'patch.exampleJavaScript' (Loads sample Javascript file into datadictionary scripts folder).
2017-05-12 11:49:53,434 INFO  [org.alfresco.repo.admin.patch.PatchExecuter] [localhost-startStop-1] 	Applying patch 'patch.siteLoadPatch.swsdp' (Loads a sample site into the repository.).
2017-05-12 11:49:53,474 INFO  [org.alfresco.repo.management.subsystems.ChildApplicationContextFactory] [localhost-startStop-1] Starting 'sysAdmin' subsystem, ID: [sysAdmin, default]
2017-05-12 11:49:53,506 INFO  [org.alfresco.repo.management.subsystems.ChildApplicationContextFactory] [localhost-startStop-1] Startup of 'sysAdmin' subsystem, ID: [sysAdmin, default] complete
2017-05-12 11:49:56,238 INFO  [org.alfresco.repo.admin.patch.PatchExecuter] [localhost-startStop-1] 
=== Applied patch                 === 
ID: patch.db-V3.4-UsageTables
RESULT: 
Script completed
=====================================
2017-05-12 11:49:56,239 INFO  [org.alfresco.repo.admin.patch.PatchExecuter] [localhost-startStop-1] 
=== Applied patch                 === 
ID: patch.db-V4.0-TenantTables
RESULT: 
Script completed
=====================================
2017-05-12 11:49:56,240 INFO  [org.alfresco.repo.admin.patch.PatchExecuter] [localhost-startStop-1] 
=== Applied patch                 === 
ID: patch.db-V4.1-AuthorizationTables
RESULT: 
Script completed
=====================================
2017-05-12 11:49:56,241 INFO  [org.alfresco.repo.admin.patch.PatchExecuter] [localhost-startStop-1] 
=== Applied patch                 === 
ID: patch.db-V5.0-ContentUrlEncryptionTables
RESULT: 
Script completed
=====================================
2017-05-12 11:49:56,241 INFO  [org.alfresco.repo.admin.patch.PatchExecuter] [localhost-startStop-1] 
=== Applied patch                 === 
ID: patch.exampleJavaScript
RESULT: 
Imported view into bootstrap location: /app:company_home/app:dictionary/app:scripts (workspace://SpacesStore/94bf7f78-9af4-4801-945c-9c3be574084c)
=====================================
2017-05-12 11:49:56,241 INFO  [org.alfresco.repo.admin.patch.PatchExecuter] [localhost-startStop-1] 
=== Applied patch                 === 
ID: patch.siteLoadPatch.swsdp
RESULT: 
Site swsdp imported.
=====================================
2017-05-12 11:49:56,265 INFO  [org.alfresco.repo.module.ModuleServiceImpl] [localhost-startStop-1] Found 3 module package(s).
2017-05-12 11:49:56,280 INFO  [org.alfresco.repo.module.ModuleServiceImpl] [localhost-startStop-1] Installing module 'alfresco-manager' version 1.0-SNAPSHOT.
2017-05-12 11:49:56,287 DEBUG [it.abd.alfresco.manage.platformsample.DemoComponent] [localhost-startStop-1] Test debug logging. Congratulation your JAR Module is working
2017-05-12 11:49:56,287 INFO  [it.abd.alfresco.manage.platformsample.DemoComponent] [localhost-startStop-1] This is only for information purposes. Better remove me from the log in Production
2017-05-12 11:49:56,304 INFO  [org.alfresco.repo.module.ModuleServiceImpl] [localhost-startStop-1] Installing module 'alfresco-share-services' version 5.2.0.
2017-05-12 11:49:56,315 INFO  [org.alfresco.repo.module.ModuleServiceImpl] [localhost-startStop-1] Installing module 'alfresco-trashcan-cleaner' version 2.2.
2017-05-12 11:49:56,326 INFO  [org.alfresco.repo.management.subsystems.ChildApplicationContextFactory] [localhost-startStop-1] Starting 'fileServers' subsystem, ID: [fileServers, default]
2017-05-12 11:49:56,710 INFO  [org.alfresco.repo.management.subsystems.ChildApplicationContextFactory] [localhost-startStop-1] Startup of 'fileServers' subsystem, ID: [fileServers, default] complete
2017-05-12 11:49:56,710 INFO  [org.alfresco.repo.management.subsystems.ChildApplicationContextFactory] [localhost-startStop-1] Starting 'imap' subsystem, ID: [imap, default]
2017-05-12 11:49:56,815 INFO  [org.alfresco.repo.management.subsystems.ChildApplicationContextFactory] [localhost-startStop-1] Startup of 'imap' subsystem, ID: [imap, default] complete
2017-05-12 11:49:56,816 INFO  [org.alfresco.repo.management.subsystems.ChildApplicationContextFactory] [localhost-startStop-1] Starting 'email' subsystem, ID: [email, outbound]
2017-05-12 11:49:56,918 INFO  [org.alfresco.repo.management.subsystems.ChildApplicationContextFactory] [localhost-startStop-1] Startup of 'email' subsystem, ID: [email, outbound] complete
2017-05-12 11:49:56,918 INFO  [org.alfresco.repo.management.subsystems.ChildApplicationContextFactory] [localhost-startStop-1] Starting 'email' subsystem, ID: [email, inbound]
2017-05-12 11:49:57,016 INFO  [org.alfresco.repo.management.subsystems.ChildApplicationContextFactory] [localhost-startStop-1] Startup of 'email' subsystem, ID: [email, inbound] complete
2017-05-12 11:49:57,016 INFO  [org.alfresco.repo.management.subsystems.ChildApplicationContextFactory] [localhost-startStop-1] Starting 'Subscriptions' subsystem, ID: [Subscriptions, default]
2017-05-12 11:49:57,047 INFO  [org.alfresco.repo.management.subsystems.ChildApplicationContextFactory] [localhost-startStop-1] Startup of 'Subscriptions' subsystem, ID: [Subscriptions, default] complete
2017-05-12 11:49:57,057 INFO  [org.alfresco.repo.management.subsystems.ChildApplicationContextFactory] [localhost-startStop-1] Starting 'Synchronization' subsystem, ID: [Synchronization, default]
2017-05-12 11:49:57,137 INFO  [org.alfresco.repo.management.subsystems.ChildApplicationContextFactory] [localhost-startStop-1] Startup of 'Synchronization' subsystem, ID: [Synchronization, default] complete
2017-05-12 11:49:57,150 INFO  [org.alfresco.service.descriptor.DescriptorService] [localhost-startStop-1] Alfresco JVM - v1.8.0_101-b13; maximum heap size 1820,500MB
2017-05-12 11:49:57,150 INFO  [org.alfresco.service.descriptor.DescriptorService] [localhost-startStop-1] Server Mode :UNKNOWN
2017-05-12 11:49:57,155 INFO  [org.alfresco.service.descriptor.DescriptorService] [localhost-startStop-1] Alfresco Content Services started (Community). Current version: 5.2.0 (r135134-b14) schema 10.005. Originally installed version: 5.2.0 (r135134-b14) schema 10.005.
2017-05-12 11:49:57,165 INFO  [org.alfresco.repo.management.subsystems.ChildApplicationContextFactory] [localhost-startStop-1] Starting 'ActivitiesFeed' subsystem, ID: [ActivitiesFeed, default]
2017-05-12 11:49:57,445 INFO  [org.alfresco.repo.management.subsystems.ChildApplicationContextFactory] [localhost-startStop-1] Startup of 'ActivitiesFeed' subsystem, ID: [ActivitiesFeed, default] complete
2017-05-12 11:49:57,447 INFO  [org.alfresco.repo.management.subsystems.ChildApplicationContextFactory] [localhost-startStop-1] Starting 'Replication' subsystem, ID: [Replication, default]
2017-05-12 11:49:57,477 INFO  [org.alfresco.repo.management.subsystems.ChildApplicationContextFactory] [localhost-startStop-1] Startup of 'Replication' subsystem, ID: [Replication, default] complete
2017-05-12 11:50:03,076 INFO  [org.springframework.extensions.webscripts.DeclarativeRegistry] [asynchronouslyRefreshedCacheThreadPool1] Registered 400 Web Scripts (+0 failed), 549 URLs
2017-05-12 11:50:03,078 INFO  [org.springframework.extensions.webscripts.DeclarativeRegistry] [asynchronouslyRefreshedCacheThreadPool1] Registered 1 Package Description Documents (+0 failed) 
2017-05-12 11:50:03,079 INFO  [org.springframework.extensions.webscripts.DeclarativeRegistry] [asynchronouslyRefreshedCacheThreadPool1] Registered 0 Schema Description Documents (+0 failed) 
2017-05-12 11:50:05,716 INFO  [org.springframework.extensions.webscripts.DeclarativeRegistry] [localhost-startStop-1] Registered 400 Web Scripts (+0 failed), 549 URLs
2017-05-12 11:50:05,717 INFO  [org.springframework.extensions.webscripts.DeclarativeRegistry] [localhost-startStop-1] Registered 1 Package Description Documents (+0 failed) 
2017-05-12 11:50:05,718 INFO  [org.springframework.extensions.webscripts.DeclarativeRegistry] [localhost-startStop-1] Registered 0 Schema Description Documents (+0 failed) 
2017-05-12 11:50:05,729 INFO  [org.springframework.extensions.webscripts.AbstractRuntimeContainer] [localhost-startStop-1] Initialised Repository Web Script Container (in 6906.004ms)
2017-05-12 11:50:05,752 INFO  [org.springframework.extensions.webscripts.TemplateProcessorRegistry] [localhost-startStop-1] Registered template processor freemarker for extension ftl
2017-05-12 11:50:05,755 INFO  [org.springframework.extensions.webscripts.ScriptProcessorRegistry] [localhost-startStop-1] Registered script processor javascript for extension js
2017-05-12 11:50:08,139 INFO  [org.springframework.extensions.webscripts.DeclarativeRegistry] [asynchronouslyRefreshedCacheThreadPool1] Registered 400 Web Scripts (+0 failed), 549 URLs
2017-05-12 11:50:08,139 INFO  [org.springframework.extensions.webscripts.DeclarativeRegistry] [asynchronouslyRefreshedCacheThreadPool1] Registered 1 Package Description Documents (+0 failed) 
2017-05-12 11:50:08,140 INFO  [org.springframework.extensions.webscripts.DeclarativeRegistry] [asynchronouslyRefreshedCacheThreadPool1] Registered 0 Schema Description Documents (+0 failed) 
2017-05-12 11:50:08,254 INFO  [org.springframework.extensions.webscripts.DeclarativeRegistry] [asynchronouslyRefreshedCacheThreadPool1] Registered 13 Web Scripts (+0 failed), 102 URLs
2017-05-12 11:50:08,254 INFO  [org.springframework.extensions.webscripts.DeclarativeRegistry] [asynchronouslyRefreshedCacheThreadPool1] Registered 0 Package Description Documents (+0 failed) 
2017-05-12 11:50:08,255 INFO  [org.springframework.extensions.webscripts.DeclarativeRegistry] [asynchronouslyRefreshedCacheThreadPool1] Registered 0 Schema Description Documents (+0 failed) 
2017-05-12 11:50:08,369 INFO  [org.springframework.extensions.webscripts.DeclarativeRegistry] [localhost-startStop-1] Registered 13 Web Scripts (+0 failed), 102 URLs
2017-05-12 11:50:08,370 INFO  [org.springframework.extensions.webscripts.DeclarativeRegistry] [localhost-startStop-1] Registered 0 Package Description Documents (+0 failed) 
2017-05-12 11:50:08,371 INFO  [org.springframework.extensions.webscripts.DeclarativeRegistry] [localhost-startStop-1] Registered 0 Schema Description Documents (+0 failed) 
2017-05-12 11:50:08,377 INFO  [org.springframework.extensions.webscripts.AbstractRuntimeContainer] [localhost-startStop-1] Initialised Public Api Web Script Container (in 2556.8813ms)
2017-05-12 11:50:08,436 INFO  [org.springframework.extensions.webscripts.DeclarativeRegistry] [asynchronouslyRefreshedCacheThreadPool1] Registered 13 Web Scripts (+0 failed), 102 URLs
2017-05-12 11:50:08,437 INFO  [org.springframework.extensions.webscripts.DeclarativeRegistry] [asynchronouslyRefreshedCacheThreadPool1] Registered 0 Package Description Documents (+0 failed) 
2017-05-12 11:50:08,438 INFO  [org.springframework.extensions.webscripts.DeclarativeRegistry] [asynchronouslyRefreshedCacheThreadPool1] Registered 0 Schema Description Documents (+0 failed) 
2017-05-12 11:51:00,122 INFO  [org.alfresco.repo.management.subsystems.ChildApplicationContextFactory] [http-bio-8080-exec-4] Starting 'Transformers' subsystem, ID: [Transformers, default]
2017-05-12 11:51:00,378 INFO  [org.alfresco.repo.management.subsystems.ChildApplicationContextFactory] [http-bio-8080-exec-4] Startup of 'Transformers' subsystem, ID: [Transformers, default] complete
2017-05-12 19:47:53,232 INFO  [org.alfresco.repo.admin] [localhost-startStop-1] Using database URL 'jdbc:h2:C:\Users\tenti\YandexDisk-p4535993\[PROJECTS]\workspace-dialogopa-2017\alfresco-manager/alf_data_dev/h2_data/alf_dev;AUTO_SERVER=TRUE;DB_CLOSE_ON_EXIT=FALSE;LOCK_TIMEOUT=10000;MVCC=FALSE;LOCK_MODE=0' with user 'alfresco'.
2017-05-12 19:47:53,235 INFO  [org.alfresco.repo.admin] [localhost-startStop-1] Connected to database H2 version 1.4.190 (2015-10-11)
2017-05-12 19:47:59,435 INFO  [org.alfresco.repo.domain.schema.SchemaBootstrap] [localhost-startStop-1] Ignoring script patch (post-Hibernate): patch.db-V4.2-metadata-query-indexes
2017-05-12 19:47:59,436 INFO  [org.alfresco.repo.domain.schema.SchemaBootstrap] [localhost-startStop-1] Ignoring script patch (post-Hibernate): patch.db-V5.1-metadata-query-indexes
2017-05-12 19:47:59,436 INFO  [org.alfresco.repo.domain.schema.SchemaBootstrap] [localhost-startStop-1] Ignoring script patch (post-Hibernate): patch.db-V5.2-remove-jbpm-tables-from-db
2017-05-12 19:48:08,571 INFO  [org.alfresco.repo.management.subsystems.ChildApplicationContextFactory] [localhost-startStop-1] Starting 'Authentication' subsystem, ID: [Authentication, managed, alfrescoNtlm1]
2017-05-12 19:48:08,845 INFO  [org.alfresco.repo.management.subsystems.ChildApplicationContextFactory] [localhost-startStop-1] Startup of 'Authentication' subsystem, ID: [Authentication, managed, alfrescoNtlm1] complete
2017-05-12 19:48:12,915 INFO  [org.springframework.extensions.webscripts.TemplateProcessorRegistry] [localhost-startStop-1] Registered template processor Repository Template Processor for extension ftl
2017-05-12 19:48:12,920 INFO  [org.springframework.extensions.webscripts.ScriptProcessorRegistry] [localhost-startStop-1] Registered script processor Repository Script Processor for extension js
2017-05-12 19:48:17,009 INFO  [org.alfresco.repo.management.subsystems.ChildApplicationContextFactory] [localhost-startStop-1] Starting 'ContentStore' subsystem, ID: [ContentStore, managed, unencrypted]
2017-05-12 19:48:17,072 INFO  [org.alfresco.repo.management.subsystems.ChildApplicationContextFactory] [localhost-startStop-1] Startup of 'ContentStore' subsystem, ID: [ContentStore, managed, unencrypted] complete
2017-05-12 19:48:17,105 INFO  [org.alfresco.repo.domain.schema.SchemaBootstrap] [localhost-startStop-1] Connecting to database: jdbc:h2:C:\Users\tenti\YandexDisk-p4535993\[PROJECTS]\workspace-dialogopa-2017\alfresco-manager/alf_data_dev/h2_data/alf_dev, UserName=ALFRESCO, H2 JDBC Driver
2017-05-12 19:48:17,106 INFO  [org.alfresco.repo.domain.schema.SchemaBootstrap] [localhost-startStop-1] Schema managed by database dialect org.hibernate.dialect.H2Dialect.
2017-05-12 19:48:17,260 INFO  [org.alfresco.repo.domain.schema.SchemaBootstrap] [localhost-startStop-1] No changes were made to the schema.
2017-05-12 19:48:18,201 INFO  [org.alfresco.repo.management.subsystems.ChildApplicationContextFactory] [localhost-startStop-1] Starting 'thirdparty' subsystem, ID: [thirdparty, default]
2017-05-12 19:48:18,275 ERROR [org.alfresco.repo.content.transform.magick.AbstractImageMagickContentTransformerWorker] [localhost-startStop-1] ImageMagickContentTransformerWorker not available: 04120016 Failed to perform ImageMagick transformation: 
Execution result: 
   os:         Windows 10
   command:    ./ImageMagick/bin/convert C:\Users\tenti\AppData\Local\Temp\Alfresco\ImageMagickContentTransformerWorker_init_source_3825184207108599338.gif -strip C:\Users\tenti\AppData\Local\Temp\Alfresco\ImageMagickContentTransformerWorker_init_target_4262240812881341684.png
   succeeded:  false
   exit code:  1
   out:        
   err:        Cannot run program "./ImageMagick/bin/convert": CreateProcess error=2, Impossibile trovare il file specificato
2017-05-12 19:48:18,276 INFO  [org.alfresco.repo.management.subsystems.ChildApplicationContextFactory] [localhost-startStop-1] Startup of 'thirdparty' subsystem, ID: [thirdparty, default] complete
2017-05-12 19:48:18,276 INFO  [org.alfresco.repo.management.subsystems.ChildApplicationContextFactory] [localhost-startStop-1] Starting 'OOoDirect' subsystem, ID: [OOoDirect, default]
2017-05-12 19:48:18,603 ERROR [org.alfresco.util.exec.RuntimeExecBootstrapBean] [localhost-startStop-1] Bootstrap command failed: 
Execution result: 
   os:         Windows 10
   command:    soffice -accept=socket,host=127.0.0.1,port=8100;urp;StarOffice.ServiceManager -env:UserInstallation=file:///C:/Users/tenti/YandexDisk-p4535993/[PROJECTS]/workspace-dialogopa-2017/alfresco-manager/alf_data_dev/oouser -headless -nocrashreport -nofirststartwizard -nologo -norestore
   succeeded:  false
   exit code:  2
   out:        
   err:        Cannot run program "soffice": CreateProcess error=2, Impossibile trovare il file specificato
2017-05-12 19:48:20,683 WARN  [org.alfresco.util.OpenOfficeConnectionTester] [localhost-startStop-1] An initial OpenOffice connection could not be established.
2017-05-12 19:48:20,685 INFO  [org.alfresco.repo.management.subsystems.ChildApplicationContextFactory] [localhost-startStop-1] Startup of 'OOoDirect' subsystem, ID: [OOoDirect, default] complete
2017-05-12 19:48:20,688 INFO  [org.alfresco.repo.admin.ConfigurationChecker] [localhost-startStop-1] The root data directory ('dir.root') is: C:\Users\tenti\YandexDisk-p4535993\[PROJECTS]\workspace-dialogopa-2017\alfresco-manager\alf_data_dev
2017-05-12 19:48:20,688 INFO  [org.alfresco.repo.management.subsystems.ChildApplicationContextFactory] [localhost-startStop-1] Starting 'Search' subsystem, ID: [Search, managed, solr4]
2017-05-12 19:48:21,002 INFO  [org.alfresco.repo.management.subsystems.ChildApplicationContextFactory] [localhost-startStop-1] Startup of 'Search' subsystem, ID: [Search, managed, solr4] complete
2017-05-12 19:48:21,025 INFO  [org.alfresco.repo.admin.patch.PatchExecuter] [localhost-startStop-1] Checking for patches to apply ...
2017-05-12 19:48:21,286 INFO  [org.alfresco.repo.admin.patch.PatchExecuter] [localhost-startStop-1] No patches were required.
2017-05-12 19:48:21,319 INFO  [org.alfresco.repo.module.ModuleServiceImpl] [localhost-startStop-1] Found 3 module package(s).
2017-05-12 19:48:21,357 INFO  [org.alfresco.repo.module.ModuleServiceImpl] [localhost-startStop-1] Starting module 'alfresco-manager' version 1.0-SNAPSHOT.
2017-05-12 19:48:21,416 INFO  [org.alfresco.repo.module.ModuleServiceImpl] [localhost-startStop-1] Starting module 'alfresco-share-services' version 5.2.0.
2017-05-12 19:48:21,434 INFO  [org.alfresco.repo.module.ModuleServiceImpl] [localhost-startStop-1] Starting module 'alfresco-trashcan-cleaner' version 2.2.
2017-05-12 19:48:21,443 INFO  [org.alfresco.repo.management.subsystems.ChildApplicationContextFactory] [localhost-startStop-1] Starting 'fileServers' subsystem, ID: [fileServers, default]
2017-05-12 19:48:21,962 INFO  [org.alfresco.repo.management.subsystems.ChildApplicationContextFactory] [localhost-startStop-1] Starting 'sysAdmin' subsystem, ID: [sysAdmin, default]
2017-05-12 19:48:22,000 INFO  [org.alfresco.repo.management.subsystems.ChildApplicationContextFactory] [localhost-startStop-1] Startup of 'sysAdmin' subsystem, ID: [sysAdmin, default] complete
2017-05-12 19:48:22,023 INFO  [org.alfresco.repo.management.subsystems.ChildApplicationContextFactory] [localhost-startStop-1] Startup of 'fileServers' subsystem, ID: [fileServers, default] complete
2017-05-12 19:48:22,024 INFO  [org.alfresco.repo.management.subsystems.ChildApplicationContextFactory] [localhost-startStop-1] Starting 'imap' subsystem, ID: [imap, default]
2017-05-12 19:48:22,186 INFO  [org.alfresco.repo.management.subsystems.ChildApplicationContextFactory] [localhost-startStop-1] Startup of 'imap' subsystem, ID: [imap, default] complete
2017-05-12 19:48:22,188 INFO  [org.alfresco.repo.management.subsystems.ChildApplicationContextFactory] [localhost-startStop-1] Starting 'email' subsystem, ID: [email, outbound]
2017-05-12 19:48:22,714 INFO  [org.alfresco.repo.management.subsystems.ChildApplicationContextFactory] [localhost-startStop-1] Startup of 'email' subsystem, ID: [email, outbound] complete
2017-05-12 19:48:22,715 INFO  [org.alfresco.repo.management.subsystems.ChildApplicationContextFactory] [localhost-startStop-1] Starting 'email' subsystem, ID: [email, inbound]
2017-05-12 19:48:22,818 INFO  [org.alfresco.repo.management.subsystems.ChildApplicationContextFactory] [localhost-startStop-1] Startup of 'email' subsystem, ID: [email, inbound] complete
2017-05-12 19:48:22,819 INFO  [org.alfresco.repo.management.subsystems.ChildApplicationContextFactory] [localhost-startStop-1] Starting 'Subscriptions' subsystem, ID: [Subscriptions, default]
2017-05-12 19:48:22,874 INFO  [org.alfresco.repo.management.subsystems.ChildApplicationContextFactory] [localhost-startStop-1] Startup of 'Subscriptions' subsystem, ID: [Subscriptions, default] complete
2017-05-12 19:48:22,903 INFO  [org.alfresco.repo.management.subsystems.ChildApplicationContextFactory] [localhost-startStop-1] Starting 'Synchronization' subsystem, ID: [Synchronization, default]
2017-05-12 19:48:23,045 INFO  [org.alfresco.repo.management.subsystems.ChildApplicationContextFactory] [localhost-startStop-1] Startup of 'Synchronization' subsystem, ID: [Synchronization, default] complete
2017-05-12 19:48:23,069 INFO  [org.alfresco.service.descriptor.DescriptorService] [localhost-startStop-1] Alfresco JVM - v1.8.0_101-b13; maximum heap size 1820,500MB
2017-05-12 19:48:23,069 INFO  [org.alfresco.service.descriptor.DescriptorService] [localhost-startStop-1] Server Mode :UNKNOWN
2017-05-12 19:48:23,076 INFO  [org.alfresco.service.descriptor.DescriptorService] [localhost-startStop-1] Alfresco Content Services started (Community). Current version: 5.2.0 (r135134-b14) schema 10.005. Originally installed version: 5.2.0 (r135134-b14) schema 10.005.
2017-05-12 19:48:23,086 INFO  [org.alfresco.repo.management.subsystems.ChildApplicationContextFactory] [localhost-startStop-1] Starting 'ActivitiesFeed' subsystem, ID: [ActivitiesFeed, default]
2017-05-12 19:48:23,389 INFO  [org.alfresco.repo.management.subsystems.ChildApplicationContextFactory] [localhost-startStop-1] Startup of 'ActivitiesFeed' subsystem, ID: [ActivitiesFeed, default] complete
2017-05-12 19:48:23,391 INFO  [org.alfresco.repo.management.subsystems.ChildApplicationContextFactory] [localhost-startStop-1] Starting 'Replication' subsystem, ID: [Replication, default]
2017-05-12 19:48:23,420 INFO  [org.alfresco.repo.management.subsystems.ChildApplicationContextFactory] [localhost-startStop-1] Startup of 'Replication' subsystem, ID: [Replication, default] complete
2017-05-12 19:48:30,576 INFO  [org.springframework.extensions.webscripts.DeclarativeRegistry] [asynchronouslyRefreshedCacheThreadPool1] Registered 400 Web Scripts (+0 failed), 549 URLs
2017-05-12 19:48:30,577 INFO  [org.springframework.extensions.webscripts.DeclarativeRegistry] [asynchronouslyRefreshedCacheThreadPool1] Registered 1 Package Description Documents (+0 failed) 
2017-05-12 19:48:30,578 INFO  [org.springframework.extensions.webscripts.DeclarativeRegistry] [asynchronouslyRefreshedCacheThreadPool1] Registered 0 Schema Description Documents (+0 failed) 
2017-05-12 19:48:33,761 INFO  [org.springframework.extensions.webscripts.DeclarativeRegistry] [localhost-startStop-1] Registered 400 Web Scripts (+0 failed), 549 URLs
2017-05-12 19:48:33,762 INFO  [org.springframework.extensions.webscripts.DeclarativeRegistry] [localhost-startStop-1] Registered 1 Package Description Documents (+0 failed) 
2017-05-12 19:48:33,764 INFO  [org.springframework.extensions.webscripts.DeclarativeRegistry] [localhost-startStop-1] Registered 0 Schema Description Documents (+0 failed) 
2017-05-12 19:48:33,776 INFO  [org.springframework.extensions.webscripts.AbstractRuntimeContainer] [localhost-startStop-1] Initialised Repository Web Script Container (in 8396.37ms)
2017-05-12 19:48:33,807 INFO  [org.springframework.extensions.webscripts.TemplateProcessorRegistry] [localhost-startStop-1] Registered template processor freemarker for extension ftl
2017-05-12 19:48:33,811 INFO  [org.springframework.extensions.webscripts.ScriptProcessorRegistry] [localhost-startStop-1] Registered script processor javascript for extension js
2017-05-12 19:48:36,596 INFO  [org.springframework.extensions.webscripts.DeclarativeRegistry] [asynchronouslyRefreshedCacheThreadPool1] Registered 400 Web Scripts (+0 failed), 549 URLs
2017-05-12 19:48:36,596 INFO  [org.springframework.extensions.webscripts.DeclarativeRegistry] [asynchronouslyRefreshedCacheThreadPool1] Registered 1 Package Description Documents (+0 failed) 
2017-05-12 19:48:36,597 INFO  [org.springframework.extensions.webscripts.DeclarativeRegistry] [asynchronouslyRefreshedCacheThreadPool1] Registered 0 Schema Description Documents (+0 failed) 
2017-05-12 19:48:36,724 INFO  [org.springframework.extensions.webscripts.DeclarativeRegistry] [asynchronouslyRefreshedCacheThreadPool1] Registered 13 Web Scripts (+0 failed), 102 URLs
2017-05-12 19:48:36,725 INFO  [org.springframework.extensions.webscripts.DeclarativeRegistry] [asynchronouslyRefreshedCacheThreadPool1] Registered 0 Package Description Documents (+0 failed) 
2017-05-12 19:48:36,726 INFO  [org.springframework.extensions.webscripts.DeclarativeRegistry] [asynchronouslyRefreshedCacheThreadPool1] Registered 0 Schema Description Documents (+0 failed) 
2017-05-12 19:48:36,861 INFO  [org.springframework.extensions.webscripts.DeclarativeRegistry] [localhost-startStop-1] Registered 13 Web Scripts (+0 failed), 102 URLs
2017-05-12 19:48:36,861 INFO  [org.springframework.extensions.webscripts.DeclarativeRegistry] [localhost-startStop-1] Registered 0 Package Description Documents (+0 failed) 
2017-05-12 19:48:36,862 INFO  [org.springframework.extensions.webscripts.DeclarativeRegistry] [localhost-startStop-1] Registered 0 Schema Description Documents (+0 failed) 
2017-05-12 19:48:36,873 INFO  [org.springframework.extensions.webscripts.AbstractRuntimeContainer] [localhost-startStop-1] Initialised Public Api Web Script Container (in 2977.8445ms)
2017-05-12 19:48:36,965 INFO  [org.springframework.extensions.webscripts.DeclarativeRegistry] [asynchronouslyRefreshedCacheThreadPool1] Registered 13 Web Scripts (+0 failed), 102 URLs
2017-05-12 19:48:36,965 INFO  [org.springframework.extensions.webscripts.DeclarativeRegistry] [asynchronouslyRefreshedCacheThreadPool1] Registered 0 Package Description Documents (+0 failed) 
2017-05-12 19:48:36,967 INFO  [org.springframework.extensions.webscripts.DeclarativeRegistry] [asynchronouslyRefreshedCacheThreadPool1] Registered 0 Schema Description Documents (+0 failed) 
