2017-09-29 18:54:58,924 INFO  [org.alfresco.repo.admin] [localhost-startStop-1] Using database URL 'jdbc:h2:C:\workspace-eclipse-2017\workspace-alfresco-support\alfresco-allinone-abd/alf_data_dev/h2_data/alf_dev;AUTO_SERVER=TRUE;DB_CLOSE_ON_EXIT=FALSE;LOCK_TIMEOUT=10000;MVCC=FALSE;LOCK_MODE=0' with user 'alfresco'.
2017-09-29 18:54:58,940 INFO  [org.alfresco.repo.admin] [localhost-startStop-1] Connected to database H2 version 1.4.190 (2015-10-11)
2017-09-29 18:55:15,519 INFO  [org.alfresco.repo.domain.schema.SchemaBootstrap] [localhost-startStop-1] Ignoring script patch (post-Hibernate): patch.db-V4.2-metadata-query-indexes
2017-09-29 18:55:15,519 INFO  [org.alfresco.repo.domain.schema.SchemaBootstrap] [localhost-startStop-1] Ignoring script patch (post-Hibernate): patch.db-V5.1-metadata-query-indexes
2017-09-29 18:55:15,519 INFO  [org.alfresco.repo.domain.schema.SchemaBootstrap] [localhost-startStop-1] Ignoring script patch (post-Hibernate): patch.db-V5.2-remove-jbpm-tables-from-db
2017-09-29 18:55:24,925 DEBUG [org.alfresco.repo.content.metadata.MetadataExtracterRegistry] [localhost-startStop-1] Registering metadata extracter: org.alfresco.repo.content.metadata.TikaAutoMetadataExtracter@ec67686
2017-09-29 18:55:25,019 DEBUG [org.alfresco.repo.content.metadata.MetadataExtracterRegistry] [localhost-startStop-1] Registering metadata extracter: org.alfresco.repo.content.metadata.PdfBoxMetadataExtracter@5385a30c
2017-09-29 18:55:25,097 DEBUG [org.alfresco.repo.content.metadata.MetadataExtracterRegistry] [localhost-startStop-1] Registering metadata extracter: org.alfresco.repo.content.metadata.PoiMetadataExtracter@45bc209c
2017-09-29 18:55:25,129 DEBUG [org.alfresco.repo.content.metadata.MetadataExtracterRegistry] [localhost-startStop-1] Registering metadata extracter: org.alfresco.repo.content.metadata.OfficeMetadataExtracter@71be0ec4
2017-09-29 18:55:25,160 DEBUG [org.alfresco.repo.content.metadata.MetadataExtracterRegistry] [localhost-startStop-1] Registering metadata extracter: org.alfresco.repo.content.metadata.MailMetadataExtracter@48e05a0f
2017-09-29 18:55:25,191 DEBUG [org.alfresco.repo.content.metadata.MetadataExtracterRegistry] [localhost-startStop-1] Registering metadata extracter: org.alfresco.repo.content.metadata.HtmlMetadataExtracter@68f23050
2017-09-29 18:55:25,254 DEBUG [org.alfresco.repo.content.metadata.MetadataExtracterRegistry] [localhost-startStop-1] Registering metadata extracter: org.alfresco.repo.content.metadata.OpenDocumentMetadataExtracter@34c791f4
2017-09-29 18:55:25,300 DEBUG [org.alfresco.repo.content.metadata.MetadataExtracterRegistry] [localhost-startStop-1] Registering metadata extracter: org.alfresco.repo.content.metadata.DWGMetadataExtracter@25a2c5c0
2017-09-29 18:55:25,504 DEBUG [org.alfresco.repo.content.metadata.MetadataExtracterRegistry] [localhost-startStop-1] Registering metadata extracter: org.alfresco.repo.content.metadata.RFC822MetadataExtracter@7079cc7
2017-09-29 18:55:25,550 DEBUG [org.alfresco.repo.content.metadata.MetadataExtracterRegistry] [localhost-startStop-1] Registering metadata extracter: org.alfresco.repo.content.metadata.MP3MetadataExtracter@7af08055
2017-09-29 18:55:25,582 DEBUG [org.alfresco.repo.content.metadata.MetadataExtracterRegistry] [localhost-startStop-1] Registering metadata extracter: org.alfresco.repo.content.metadata.TikaAudioMetadataExtracter@59b6e99a
2017-09-29 18:55:25,629 DEBUG [org.alfresco.repo.content.metadata.MetadataExtracterRegistry] [localhost-startStop-1] Registering metadata extracter: org.alfresco.repo.content.metadata.OpenOfficeMetadataExtracter@1f341f86
2017-09-29 18:55:25,675 DEBUG [org.alfresco.repo.content.transform.ContentTransformerRegistry] [localhost-startStop-1] Registered general transformer: 
   transformer: transformer.StringExtracter (StringExtractingContentTransformer)
2017-09-29 18:55:25,754 DEBUG [org.alfresco.repo.content.transform.ContentTransformerRegistry] [localhost-startStop-1] Registered general transformer: 
   transformer: transformer.BinaryPassThrough (BinaryPassThroughContentTransformer)
2017-09-29 18:55:25,800 DEBUG [org.alfresco.repo.content.transform.ContentTransformerRegistry] [localhost-startStop-1] Registered general transformer: 
   transformer: transformer.iWorksQuicklooks (AppleIWorksContentTransformer)
2017-09-29 18:55:25,879 DEBUG [org.alfresco.repo.content.transform.ContentTransformerRegistry] [localhost-startStop-1] Registered general transformer: 
   transformer: transformer.OOXMLThumbnail (OOXMLThumbnailContentTransformer)
2017-09-29 18:55:26,019 DEBUG [org.alfresco.repo.content.transform.ContentTransformerRegistry] [localhost-startStop-1] Registered general transformer: 
   transformer: transformer.PdfBox (PdfBoxContentTransformer)
2017-09-29 18:55:27,238 DEBUG [org.alfresco.repo.content.transform.ContentTransformerRegistry] [localhost-startStop-1] Registered general transformer: 
   transformer: transformer.PdfBox.TextToPdf (TextToPdfContentTransformer)
2017-09-29 18:55:27,301 DEBUG [org.alfresco.repo.content.transform.ContentTransformerRegistry] [localhost-startStop-1] Registered general transformer: 
   transformer: transformer.TikaAuto (TikaAutoContentTransformer)
2017-09-29 18:55:27,379 DEBUG [org.alfresco.repo.content.transform.ContentTransformerRegistry] [localhost-startStop-1] Registered general transformer: 
   transformer: transformer.Poi (PoiHssfContentTransformer)
2017-09-29 18:55:27,472 DEBUG [org.alfresco.repo.content.transform.ContentTransformerRegistry] [localhost-startStop-1] Registered general transformer: 
   transformer: transformer.Office (PoiContentTransformer)
2017-09-29 18:55:27,519 DEBUG [org.alfresco.repo.content.transform.ContentTransformerRegistry] [localhost-startStop-1] Registered general transformer: 
   transformer: transformer.OOXML (PoiOOXMLContentTransformer)
2017-09-29 18:55:27,613 DEBUG [org.alfresco.repo.content.transform.ContentTransformerRegistry] [localhost-startStop-1] Registered general transformer: 
   transformer: transformer.TextMining (TextMiningContentTransformer)
2017-09-29 18:55:27,660 DEBUG [org.alfresco.repo.content.transform.ContentTransformerRegistry] [localhost-startStop-1] Registered general transformer: 
   transformer: transformer.HtmlParser (HtmlParserContentTransformer)
2017-09-29 18:55:27,738 DEBUG [org.alfresco.repo.content.transform.ContentTransformerRegistry] [localhost-startStop-1] Registered general transformer: 
   transformer: transformer.MediaWikiParser (MediaWikiContentTransformer)
2017-09-29 18:55:27,738 DEBUG [org.alfresco.repo.content.transform.ContentTransformerRegistry] [localhost-startStop-1] Registered general transformer: 
   transformer: transformer.OpenOffice (ProxyContentTransformer)
2017-09-29 18:55:27,847 DEBUG [org.alfresco.repo.content.transform.ContentTransformerRegistry] [localhost-startStop-1] Registered general transformer: 
   transformer: transformer.OutlookMsg (MailContentTransformer)
2017-09-29 18:55:27,910 DEBUG [org.alfresco.repo.content.transform.ContentTransformerRegistry] [localhost-startStop-1] Registered general transformer: 
   transformer: transformer.RFC822 (EMLTransformer)
2017-09-29 18:55:28,004 DEBUG [org.alfresco.repo.content.transform.ContentTransformerRegistry] [localhost-startStop-1] Registered general transformer: 
   transformer: transformer.Archive (ArchiveContentTransformer)
2017-09-29 18:55:40,723 INFO  [org.alfresco.repo.management.subsystems.ChildApplicationContextFactory] [localhost-startStop-1] Starting 'Authentication' subsystem, ID: [Authentication, managed, alfrescoNtlm1]
2017-09-29 18:55:41,567 INFO  [org.alfresco.repo.management.subsystems.ChildApplicationContextFactory] [localhost-startStop-1] Startup of 'Authentication' subsystem, ID: [Authentication, managed, alfrescoNtlm1] complete
2017-09-29 18:55:49,770 WARN  [org.springframework.web.context.support.XmlWebApplicationContext] [localhost-startStop-1] Exception encountered during context initialization - cancelling refresh attempt: org.springframework.beans.factory.BeanCreationException: Error creating bean with name 'alfresco-allinone-abd-platform-jar.dictionaryBootstrap' defined in class path resource [alfresco/module/alfresco-allinone-abd-platform-jar/context/bootstrap-context.xml]: Invocation of init method failed; nested exception is org.alfresco.service.cmr.dictionary.DictionaryException: 08290002 Could not import bootstrap model 'alfresco/module/alfresco-allinone-abd-platform-jar/model/scModel.xml'
2017-09-29 18:55:50,270 INFO  [org.alfresco.repo.management.subsystems.ChildApplicationContextFactory] [localhost-startStop-1] Stopping 'Authentication' subsystem, ID: [Authentication, managed, alfrescoNtlm1]
2017-09-29 18:55:50,317 INFO  [org.alfresco.repo.management.subsystems.ChildApplicationContextFactory] [localhost-startStop-1] Stopped 'Authentication' subsystem, ID: [Authentication, managed, alfrescoNtlm1]
2017-09-29 18:55:50,333 ERROR [org.springframework.web.context.ContextLoader] [localhost-startStop-1] Context initialization failed
org.springframework.beans.factory.BeanCreationException: Error creating bean with name 'alfresco-allinone-abd-platform-jar.dictionaryBootstrap' defined in class path resource [alfresco/module/alfresco-allinone-abd-platform-jar/context/bootstrap-context.xml]: Invocation of init method failed; nested exception is org.alfresco.service.cmr.dictionary.DictionaryException: 08290002 Could not import bootstrap model 'alfresco/module/alfresco-allinone-abd-platform-jar/model/scModel.xml'
	at org.springframework.beans.factory.support.AbstractAutowireCapableBeanFactory.initializeBean(AbstractAutowireCapableBeanFactory.java:1514)
	at org.springframework.beans.factory.support.AbstractAutowireCapableBeanFactory.doCreateBean(AbstractAutowireCapableBeanFactory.java:521)
	at org.springframework.beans.factory.support.AbstractAutowireCapableBeanFactory.createBean(AbstractAutowireCapableBeanFactory.java:458)
	at org.springframework.beans.factory.support.AbstractBeanFactory$1.getObject(AbstractBeanFactory.java:293)
	at org.springframework.beans.factory.support.DefaultSingletonBeanRegistry.getSingleton(DefaultSingletonBeanRegistry.java:223)
	at org.springframework.beans.factory.support.AbstractBeanFactory.doGetBean(AbstractBeanFactory.java:290)
	at org.springframework.beans.factory.support.AbstractBeanFactory.getBean(AbstractBeanFactory.java:191)
	at org.springframework.beans.factory.support.DefaultListableBeanFactory.preInstantiateSingletons(DefaultListableBeanFactory.java:636)
	at org.springframework.context.support.AbstractApplicationContext.finishBeanFactoryInitialization(AbstractApplicationContext.java:938)
	at org.springframework.context.support.AbstractApplicationContext.refresh(AbstractApplicationContext.java:479)
	at org.springframework.web.context.ContextLoader.configureAndRefreshWebApplicationContext(ContextLoader.java:410)
	at org.springframework.web.context.ContextLoader.initWebApplicationContext(ContextLoader.java:306)
	at org.springframework.web.context.ContextLoaderListener.contextInitialized(ContextLoaderListener.java:112)
	at org.alfresco.web.app.ContextLoaderListener.contextInitialized(ContextLoaderListener.java:70)
	at org.apache.catalina.core.StandardContext.listenerStart(StandardContext.java:4939)
	at org.apache.catalina.core.StandardContext.startInternal(StandardContext.java:5434)
	at org.apache.catalina.util.LifecycleBase.start(LifecycleBase.java:150)
	at org.apache.catalina.core.ContainerBase$StartChild.call(ContainerBase.java:1559)
	at org.apache.catalina.core.ContainerBase$StartChild.call(ContainerBase.java:1549)
	at java.util.concurrent.FutureTask.run(FutureTask.java:266)
	at java.util.concurrent.ThreadPoolExecutor.runWorker(ThreadPoolExecutor.java:1142)
	at java.util.concurrent.ThreadPoolExecutor$Worker.run(ThreadPoolExecutor.java:617)
	at java.lang.Thread.run(Thread.java:748)
Caused by: org.alfresco.service.cmr.dictionary.DictionaryException: 08290002 Could not import bootstrap model 'alfresco/module/alfresco-allinone-abd-platform-jar/model/scModel.xml'
	at org.alfresco.repo.dictionary.DictionaryBootstrap.onDictionaryInit(DictionaryBootstrap.java:180)
	at org.alfresco.repo.dictionary.DictionaryBootstrap.bootstrap(DictionaryBootstrap.java:125)
	at sun.reflect.NativeMethodAccessorImpl.invoke0(Native Method)
	at sun.reflect.NativeMethodAccessorImpl.invoke(NativeMethodAccessorImpl.java:62)
	at sun.reflect.DelegatingMethodAccessorImpl.invoke(DelegatingMethodAccessorImpl.java:43)
	at java.lang.reflect.Method.invoke(Method.java:498)
	at org.springframework.beans.factory.support.AbstractAutowireCapableBeanFactory.invokeCustomInitMethod(AbstractAutowireCapableBeanFactory.java:1640)
	at org.springframework.beans.factory.support.AbstractAutowireCapableBeanFactory.invokeInitMethods(AbstractAutowireCapableBeanFactory.java:1581)
	at org.springframework.beans.factory.support.AbstractAutowireCapableBeanFactory.initializeBean(AbstractAutowireCapableBeanFactory.java:1511)
	... 22 more
Caused by: org.alfresco.service.cmr.dictionary.DictionaryException: 08290001 Failed to compile model 'sc:somecomodel'
	at org.alfresco.repo.dictionary.CompiledModel.<init>(CompiledModel.java:126)
	at org.alfresco.repo.dictionary.M2Model.compile(M2Model.java:174)
	at org.alfresco.repo.dictionary.DictionaryDAOImpl.putModelImpl(DictionaryDAOImpl.java:273)
	at org.alfresco.repo.dictionary.DictionaryDAOImpl.putModel(DictionaryDAOImpl.java:260)
	at org.alfresco.repo.dictionary.DictionaryBootstrap.onDictionaryInit(DictionaryBootstrap.java:176)
	... 30 more
Caused by: org.alfresco.service.cmr.dictionary.DictionaryException$DuplicateDefinitionException: 08290000 Found duplicate 'class' definition. The 'type' name 'sc:opsDoc' is already in use as a 'type' or 'aspect' name
	at org.alfresco.repo.dictionary.CompiledModel.constructDefinitions(CompiledModel.java:170)
	at org.alfresco.repo.dictionary.CompiledModel.<init>(CompiledModel.java:106)
	... 34 more
2017-09-29 19:09:07,845 INFO  [org.alfresco.repo.admin] [localhost-startStop-1] Using database URL 'jdbc:h2:C:\workspace-eclipse-2017\workspace-alfresco-support\alfresco-allinone-abd/alf_data_dev/h2_data/alf_dev;AUTO_SERVER=TRUE;DB_CLOSE_ON_EXIT=FALSE;LOCK_TIMEOUT=10000;MVCC=FALSE;LOCK_MODE=0' with user 'alfresco'.
2017-09-29 19:09:07,845 INFO  [org.alfresco.repo.admin] [localhost-startStop-1] Connected to database H2 version 1.4.190 (2015-10-11)
2017-09-29 19:09:21,487 INFO  [org.alfresco.repo.domain.schema.SchemaBootstrap] [localhost-startStop-1] Ignoring script patch (post-Hibernate): patch.db-V4.2-metadata-query-indexes
2017-09-29 19:09:21,502 INFO  [org.alfresco.repo.domain.schema.SchemaBootstrap] [localhost-startStop-1] Ignoring script patch (post-Hibernate): patch.db-V5.1-metadata-query-indexes
2017-09-29 19:09:21,502 INFO  [org.alfresco.repo.domain.schema.SchemaBootstrap] [localhost-startStop-1] Ignoring script patch (post-Hibernate): patch.db-V5.2-remove-jbpm-tables-from-db
2017-09-29 19:09:29,143 DEBUG [org.alfresco.repo.content.metadata.MetadataExtracterRegistry] [localhost-startStop-1] Registering metadata extracter: org.alfresco.repo.content.metadata.TikaAutoMetadataExtracter@578616c6
2017-09-29 19:09:29,190 DEBUG [org.alfresco.repo.content.metadata.MetadataExtracterRegistry] [localhost-startStop-1] Registering metadata extracter: org.alfresco.repo.content.metadata.PdfBoxMetadataExtracter@9b4840e
2017-09-29 19:09:29,237 DEBUG [org.alfresco.repo.content.metadata.MetadataExtracterRegistry] [localhost-startStop-1] Registering metadata extracter: org.alfresco.repo.content.metadata.PoiMetadataExtracter@46fd40e0
2017-09-29 19:09:29,268 DEBUG [org.alfresco.repo.content.metadata.MetadataExtracterRegistry] [localhost-startStop-1] Registering metadata extracter: org.alfresco.repo.content.metadata.OfficeMetadataExtracter@4a0d6727
2017-09-29 19:09:29,331 DEBUG [org.alfresco.repo.content.metadata.MetadataExtracterRegistry] [localhost-startStop-1] Registering metadata extracter: org.alfresco.repo.content.metadata.MailMetadataExtracter@9093dc
2017-09-29 19:09:29,362 DEBUG [org.alfresco.repo.content.metadata.MetadataExtracterRegistry] [localhost-startStop-1] Registering metadata extracter: org.alfresco.repo.content.metadata.HtmlMetadataExtracter@b62f1e9
2017-09-29 19:09:29,409 DEBUG [org.alfresco.repo.content.metadata.MetadataExtracterRegistry] [localhost-startStop-1] Registering metadata extracter: org.alfresco.repo.content.metadata.OpenDocumentMetadataExtracter@15d3cf31
2017-09-29 19:09:29,487 DEBUG [org.alfresco.repo.content.metadata.MetadataExtracterRegistry] [localhost-startStop-1] Registering metadata extracter: org.alfresco.repo.content.metadata.DWGMetadataExtracter@7a0e59b1
2017-09-29 19:09:29,659 DEBUG [org.alfresco.repo.content.metadata.MetadataExtracterRegistry] [localhost-startStop-1] Registering metadata extracter: org.alfresco.repo.content.metadata.RFC822MetadataExtracter@29dadd68
2017-09-29 19:09:29,737 DEBUG [org.alfresco.repo.content.metadata.MetadataExtracterRegistry] [localhost-startStop-1] Registering metadata extracter: org.alfresco.repo.content.metadata.MP3MetadataExtracter@7ce0de0f
2017-09-29 19:09:29,768 DEBUG [org.alfresco.repo.content.metadata.MetadataExtracterRegistry] [localhost-startStop-1] Registering metadata extracter: org.alfresco.repo.content.metadata.TikaAudioMetadataExtracter@1214ef29
2017-09-29 19:09:29,799 DEBUG [org.alfresco.repo.content.metadata.MetadataExtracterRegistry] [localhost-startStop-1] Registering metadata extracter: org.alfresco.repo.content.metadata.OpenOfficeMetadataExtracter@52fdf7d
2017-09-29 19:09:29,893 DEBUG [org.alfresco.repo.content.transform.ContentTransformerRegistry] [localhost-startStop-1] Registered general transformer: 
   transformer: transformer.StringExtracter (StringExtractingContentTransformer)
2017-09-29 19:09:29,924 DEBUG [org.alfresco.repo.content.transform.ContentTransformerRegistry] [localhost-startStop-1] Registered general transformer: 
   transformer: transformer.BinaryPassThrough (BinaryPassThroughContentTransformer)
2017-09-29 19:09:29,971 DEBUG [org.alfresco.repo.content.transform.ContentTransformerRegistry] [localhost-startStop-1] Registered general transformer: 
   transformer: transformer.iWorksQuicklooks (AppleIWorksContentTransformer)
2017-09-29 19:09:30,049 DEBUG [org.alfresco.repo.content.transform.ContentTransformerRegistry] [localhost-startStop-1] Registered general transformer: 
   transformer: transformer.OOXMLThumbnail (OOXMLThumbnailContentTransformer)
2017-09-29 19:09:30,096 DEBUG [org.alfresco.repo.content.transform.ContentTransformerRegistry] [localhost-startStop-1] Registered general transformer: 
   transformer: transformer.PdfBox (PdfBoxContentTransformer)
2017-09-29 19:09:30,924 DEBUG [org.alfresco.repo.content.transform.ContentTransformerRegistry] [localhost-startStop-1] Registered general transformer: 
   transformer: transformer.PdfBox.TextToPdf (TextToPdfContentTransformer)
2017-09-29 19:09:31,034 DEBUG [org.alfresco.repo.content.transform.ContentTransformerRegistry] [localhost-startStop-1] Registered general transformer: 
   transformer: transformer.TikaAuto (TikaAutoContentTransformer)
2017-09-29 19:09:31,081 DEBUG [org.alfresco.repo.content.transform.ContentTransformerRegistry] [localhost-startStop-1] Registered general transformer: 
   transformer: transformer.Poi (PoiHssfContentTransformer)
2017-09-29 19:09:31,159 DEBUG [org.alfresco.repo.content.transform.ContentTransformerRegistry] [localhost-startStop-1] Registered general transformer: 
   transformer: transformer.Office (PoiContentTransformer)
2017-09-29 19:09:31,206 DEBUG [org.alfresco.repo.content.transform.ContentTransformerRegistry] [localhost-startStop-1] Registered general transformer: 
   transformer: transformer.OOXML (PoiOOXMLContentTransformer)
2017-09-29 19:09:31,284 DEBUG [org.alfresco.repo.content.transform.ContentTransformerRegistry] [localhost-startStop-1] Registered general transformer: 
   transformer: transformer.TextMining (TextMiningContentTransformer)
2017-09-29 19:09:31,331 DEBUG [org.alfresco.repo.content.transform.ContentTransformerRegistry] [localhost-startStop-1] Registered general transformer: 
   transformer: transformer.HtmlParser (HtmlParserContentTransformer)
2017-09-29 19:09:31,362 DEBUG [org.alfresco.repo.content.transform.ContentTransformerRegistry] [localhost-startStop-1] Registered general transformer: 
   transformer: transformer.MediaWikiParser (MediaWikiContentTransformer)
2017-09-29 19:09:31,378 DEBUG [org.alfresco.repo.content.transform.ContentTransformerRegistry] [localhost-startStop-1] Registered general transformer: 
   transformer: transformer.OpenOffice (ProxyContentTransformer)
2017-09-29 19:09:31,440 DEBUG [org.alfresco.repo.content.transform.ContentTransformerRegistry] [localhost-startStop-1] Registered general transformer: 
   transformer: transformer.OutlookMsg (MailContentTransformer)
2017-09-29 19:09:31,487 DEBUG [org.alfresco.repo.content.transform.ContentTransformerRegistry] [localhost-startStop-1] Registered general transformer: 
   transformer: transformer.RFC822 (EMLTransformer)
2017-09-29 19:09:31,549 DEBUG [org.alfresco.repo.content.transform.ContentTransformerRegistry] [localhost-startStop-1] Registered general transformer: 
   transformer: transformer.Archive (ArchiveContentTransformer)
2017-09-29 19:09:40,972 INFO  [org.alfresco.repo.management.subsystems.ChildApplicationContextFactory] [localhost-startStop-1] Starting 'Authentication' subsystem, ID: [Authentication, managed, alfrescoNtlm1]
2017-09-29 19:09:41,566 INFO  [org.alfresco.repo.management.subsystems.ChildApplicationContextFactory] [localhost-startStop-1] Startup of 'Authentication' subsystem, ID: [Authentication, managed, alfrescoNtlm1] complete
2017-09-29 19:09:50,832 DEBUG [it.abd.alfresco_allinone_abd.behaviors.PolicyLogger] [localhost-startStop-1] Initializing policy logger behaviour
2017-09-29 19:09:50,925 DEBUG [org.alfresco.repo.content.transform.ContentTransformerRegistry] [localhost-startStop-1] Registered general transformer: 
   transformer: transformer.MSProject (ProjectToPlainText)
2017-09-29 19:09:51,925 INFO  [org.springframework.extensions.webscripts.TemplateProcessorRegistry] [localhost-startStop-1] Registered template processor Repository Template Processor for extension ftl
2017-09-29 19:09:51,941 INFO  [org.springframework.extensions.webscripts.ScriptProcessorRegistry] [localhost-startStop-1] Registered script processor Repository Script Processor for extension js
2017-09-29 19:10:02,504 INFO  [org.alfresco.repo.management.subsystems.ChildApplicationContextFactory] [localhost-startStop-1] Starting 'ContentStore' subsystem, ID: [ContentStore, managed, unencrypted]
2017-09-29 19:10:02,598 INFO  [org.alfresco.repo.management.subsystems.ChildApplicationContextFactory] [localhost-startStop-1] Startup of 'ContentStore' subsystem, ID: [ContentStore, managed, unencrypted] complete
2017-09-29 19:10:02,676 INFO  [org.alfresco.repo.domain.schema.SchemaBootstrap] [localhost-startStop-1] Connecting to database: jdbc:h2:C:\workspace-eclipse-2017\workspace-alfresco-support\alfresco-allinone-abd/alf_data_dev/h2_data/alf_dev, UserName=ALFRESCO, H2 JDBC Driver
2017-09-29 19:10:02,676 INFO  [org.alfresco.repo.domain.schema.SchemaBootstrap] [localhost-startStop-1] Schema managed by database dialect org.hibernate.dialect.H2Dialect.
2017-09-29 19:10:02,957 INFO  [org.alfresco.repo.domain.schema.SchemaBootstrap] [localhost-startStop-1] No changes were made to the schema.
2017-09-29 19:10:04,582 INFO  [org.alfresco.repo.management.subsystems.ChildApplicationContextFactory] [localhost-startStop-1] Starting 'thirdparty' subsystem, ID: [thirdparty, default]
2017-09-29 19:10:04,739 ERROR [org.alfresco.repo.content.transform.magick.AbstractImageMagickContentTransformerWorker] [localhost-startStop-1] ImageMagickContentTransformerWorker not available: 08290016 Failed to perform ImageMagick transformation: 
Execution result: 
   os:         Windows 10
   command:    ./ImageMagick/bin/convert C:\Users\Pancio\AppData\Local\Temp\Alfresco\ImageMagickContentTransformerWorker_init_source_3918504881701804341.gif -strip C:\Users\Pancio\AppData\Local\Temp\Alfresco\ImageMagickContentTransformerWorker_init_target_5846792064507142558.png
   succeeded:  false
   exit code:  1
   out:        
   err:        Cannot run program "./ImageMagick/bin/convert": CreateProcess error=2, Impossibile trovare il file specificato
2017-09-29 19:10:04,739 DEBUG [org.alfresco.repo.content.transform.magick.AbstractImageMagickContentTransformerWorker] [localhost-startStop-1] org.alfresco.service.cmr.repository.ContentIOException: 08290016 Failed to perform ImageMagick transformation: 
Execution result: 
   os:         Windows 10
   command:    ./ImageMagick/bin/convert C:\Users\Pancio\AppData\Local\Temp\Alfresco\ImageMagickContentTransformerWorker_init_source_3918504881701804341.gif -strip C:\Users\Pancio\AppData\Local\Temp\Alfresco\ImageMagickContentTransformerWorker_init_target_5846792064507142558.png
   succeeded:  false
   exit code:  1
   out:        
   err:        Cannot run program "./ImageMagick/bin/convert": CreateProcess error=2, Impossibile trovare il file specificato
2017-09-29 19:10:04,754 INFO  [org.alfresco.repo.management.subsystems.ChildApplicationContextFactory] [localhost-startStop-1] Startup of 'thirdparty' subsystem, ID: [thirdparty, default] complete
2017-09-29 19:10:04,754 INFO  [org.alfresco.repo.management.subsystems.ChildApplicationContextFactory] [localhost-startStop-1] Starting 'OOoDirect' subsystem, ID: [OOoDirect, default]
2017-09-29 19:10:05,692 ERROR [org.alfresco.util.exec.RuntimeExecBootstrapBean] [localhost-startStop-1] Bootstrap command failed: 
Execution result: 
   os:         Windows 10
   command:    soffice -accept=socket,host=127.0.0.1,port=8100;urp;StarOffice.ServiceManager -env:UserInstallation=file:///C:/workspace-eclipse-2017/workspace-alfresco-support/alfresco-allinone-abd/alf_data_dev/oouser -headless -nocrashreport -nofirststartwizard -nologo -norestore
   succeeded:  false
   exit code:  2
   out:        
   err:        Cannot run program "soffice": CreateProcess error=2, Impossibile trovare il file specificato
2017-09-29 19:10:07,911 WARN  [org.alfresco.util.OpenOfficeConnectionTester] [localhost-startStop-1] An initial OpenOffice connection could not be established.
2017-09-29 19:10:07,911 INFO  [org.alfresco.repo.management.subsystems.ChildApplicationContextFactory] [localhost-startStop-1] Startup of 'OOoDirect' subsystem, ID: [OOoDirect, default] complete
2017-09-29 19:10:07,911 INFO  [org.alfresco.repo.admin.ConfigurationChecker] [localhost-startStop-1] The root data directory ('dir.root') is: C:\workspace-eclipse-2017\workspace-alfresco-support\alfresco-allinone-abd\alf_data_dev
2017-09-29 19:10:07,911 INFO  [org.alfresco.repo.management.subsystems.ChildApplicationContextFactory] [localhost-startStop-1] Starting 'Search' subsystem, ID: [Search, managed, solr4]
2017-09-29 19:10:10,161 INFO  [org.alfresco.repo.management.subsystems.ChildApplicationContextFactory] [localhost-startStop-1] Startup of 'Search' subsystem, ID: [Search, managed, solr4] complete
2017-09-29 19:10:10,223 INFO  [org.alfresco.repo.admin.patch.PatchExecuter] [localhost-startStop-1] Checking for patches to apply ...
2017-09-29 19:10:10,817 INFO  [org.alfresco.repo.admin.patch.PatchExecuter] [localhost-startStop-1] No patches were required.
2017-09-29 19:10:10,958 INFO  [org.alfresco.repo.module.ModuleServiceImpl] [localhost-startStop-1] Found 3 module package(s).
2017-09-29 19:10:11,067 INFO  [org.alfresco.repo.module.ModuleServiceImpl] [localhost-startStop-1] Starting module 'alfresco-allinone-abd-platform-jar' version 1.0-SNAPSHOT.
2017-09-29 19:10:11,161 INFO  [org.alfresco.repo.module.ModuleServiceImpl] [localhost-startStop-1] Starting module 'alfresco-share-services' version 5.2.0.
2017-09-29 19:10:11,176 INFO  [org.alfresco.repo.module.ModuleServiceImpl] [localhost-startStop-1] Starting module 'alfresco-trashcan-cleaner' version 2.2.
2017-09-29 19:10:11,208 INFO  [org.alfresco.repo.management.subsystems.ChildApplicationContextFactory] [localhost-startStop-1] Starting 'fileServers' subsystem, ID: [fileServers, default]
2017-09-29 19:10:12,286 INFO  [org.alfresco.repo.management.subsystems.ChildApplicationContextFactory] [localhost-startStop-1] Starting 'sysAdmin' subsystem, ID: [sysAdmin, default]
2017-09-29 19:10:12,333 INFO  [org.alfresco.repo.management.subsystems.ChildApplicationContextFactory] [localhost-startStop-1] Startup of 'sysAdmin' subsystem, ID: [sysAdmin, default] complete
2017-09-29 19:10:12,364 INFO  [org.alfresco.repo.management.subsystems.ChildApplicationContextFactory] [localhost-startStop-1] Startup of 'fileServers' subsystem, ID: [fileServers, default] complete
2017-09-29 19:10:12,379 INFO  [org.alfresco.repo.management.subsystems.ChildApplicationContextFactory] [localhost-startStop-1] Starting 'imap' subsystem, ID: [imap, default]
2017-09-29 19:10:12,708 INFO  [org.alfresco.repo.management.subsystems.ChildApplicationContextFactory] [localhost-startStop-1] Startup of 'imap' subsystem, ID: [imap, default] complete
2017-09-29 19:10:12,723 INFO  [org.alfresco.repo.management.subsystems.ChildApplicationContextFactory] [localhost-startStop-1] Starting 'email' subsystem, ID: [email, outbound]
2017-09-29 19:10:15,036 INFO  [org.alfresco.repo.management.subsystems.ChildApplicationContextFactory] [localhost-startStop-1] Startup of 'email' subsystem, ID: [email, outbound] complete
2017-09-29 19:10:15,036 INFO  [org.alfresco.repo.management.subsystems.ChildApplicationContextFactory] [localhost-startStop-1] Starting 'email' subsystem, ID: [email, inbound]
2017-09-29 19:10:15,255 INFO  [org.alfresco.repo.management.subsystems.ChildApplicationContextFactory] [localhost-startStop-1] Startup of 'email' subsystem, ID: [email, inbound] complete
2017-09-29 19:10:15,270 INFO  [org.alfresco.repo.management.subsystems.ChildApplicationContextFactory] [localhost-startStop-1] Starting 'Subscriptions' subsystem, ID: [Subscriptions, default]
2017-09-29 19:10:15,302 INFO  [org.alfresco.repo.management.subsystems.ChildApplicationContextFactory] [localhost-startStop-1] Startup of 'Subscriptions' subsystem, ID: [Subscriptions, default] complete
2017-09-29 19:10:15,364 INFO  [org.alfresco.repo.management.subsystems.ChildApplicationContextFactory] [localhost-startStop-1] Starting 'Synchronization' subsystem, ID: [Synchronization, default]
2017-09-29 19:10:15,692 INFO  [org.alfresco.repo.management.subsystems.ChildApplicationContextFactory] [localhost-startStop-1] Startup of 'Synchronization' subsystem, ID: [Synchronization, default] complete
2017-09-29 19:10:15,739 INFO  [org.alfresco.service.descriptor.DescriptorService] [localhost-startStop-1] Alfresco JVM - v1.8.0_131-b11; maximum heap size 910,500MB
2017-09-29 19:10:15,739 INFO  [org.alfresco.service.descriptor.DescriptorService] [localhost-startStop-1] Server Mode :UNKNOWN
2017-09-29 19:10:15,755 INFO  [org.alfresco.service.descriptor.DescriptorService] [localhost-startStop-1] Alfresco Content Services started (Community). Current version: 5.2.0 (r135134-b14) schema 10.005. Originally installed version: 5.2.0 (r135134-b14) schema 10.005.
2017-09-29 19:10:15,802 INFO  [org.alfresco.repo.management.subsystems.ChildApplicationContextFactory] [localhost-startStop-1] Starting 'ActivitiesFeed' subsystem, ID: [ActivitiesFeed, default]
2017-09-29 19:10:16,442 INFO  [org.alfresco.repo.management.subsystems.ChildApplicationContextFactory] [localhost-startStop-1] Startup of 'ActivitiesFeed' subsystem, ID: [ActivitiesFeed, default] complete
2017-09-29 19:10:16,442 INFO  [org.alfresco.repo.management.subsystems.ChildApplicationContextFactory] [localhost-startStop-1] Starting 'Replication' subsystem, ID: [Replication, default]
2017-09-29 19:10:16,505 INFO  [org.alfresco.repo.management.subsystems.ChildApplicationContextFactory] [localhost-startStop-1] Startup of 'Replication' subsystem, ID: [Replication, default] complete
2017-09-29 19:10:30,974 INFO  [org.springframework.extensions.webscripts.DeclarativeRegistry] [asynchronouslyRefreshedCacheThreadPool1] Registered 400 Web Scripts (+0 failed), 549 URLs
2017-09-29 19:10:30,974 INFO  [org.springframework.extensions.webscripts.DeclarativeRegistry] [asynchronouslyRefreshedCacheThreadPool1] Registered 1 Package Description Documents (+0 failed) 
2017-09-29 19:10:30,974 INFO  [org.springframework.extensions.webscripts.DeclarativeRegistry] [asynchronouslyRefreshedCacheThreadPool1] Registered 0 Schema Description Documents (+0 failed) 
2017-09-29 19:10:37,381 INFO  [org.springframework.extensions.webscripts.DeclarativeRegistry] [localhost-startStop-1] Registered 400 Web Scripts (+0 failed), 549 URLs
2017-09-29 19:10:37,412 INFO  [org.springframework.extensions.webscripts.DeclarativeRegistry] [localhost-startStop-1] Registered 1 Package Description Documents (+0 failed) 
2017-09-29 19:10:37,412 INFO  [org.springframework.extensions.webscripts.DeclarativeRegistry] [localhost-startStop-1] Registered 0 Schema Description Documents (+0 failed) 
2017-09-29 19:10:37,459 INFO  [org.springframework.extensions.webscripts.AbstractRuntimeContainer] [localhost-startStop-1] Initialised Repository Web Script Container (in 17951.549ms)
2017-09-29 19:10:37,599 INFO  [org.springframework.extensions.webscripts.TemplateProcessorRegistry] [localhost-startStop-1] Registered template processor freemarker for extension ftl
2017-09-29 19:10:37,724 INFO  [org.springframework.extensions.webscripts.ScriptProcessorRegistry] [localhost-startStop-1] Registered script processor javascript for extension js
2017-09-29 19:10:43,397 INFO  [org.springframework.extensions.webscripts.DeclarativeRegistry] [asynchronouslyRefreshedCacheThreadPool1] Registered 400 Web Scripts (+0 failed), 549 URLs
2017-09-29 19:10:43,428 INFO  [org.springframework.extensions.webscripts.DeclarativeRegistry] [asynchronouslyRefreshedCacheThreadPool1] Registered 1 Package Description Documents (+0 failed) 
2017-09-29 19:10:43,428 INFO  [org.springframework.extensions.webscripts.DeclarativeRegistry] [asynchronouslyRefreshedCacheThreadPool1] Registered 0 Schema Description Documents (+0 failed) 
2017-09-29 19:10:43,756 INFO  [org.springframework.extensions.webscripts.DeclarativeRegistry] [asynchronouslyRefreshedCacheThreadPool1] Registered 13 Web Scripts (+0 failed), 102 URLs
2017-09-29 19:10:43,756 INFO  [org.springframework.extensions.webscripts.DeclarativeRegistry] [asynchronouslyRefreshedCacheThreadPool1] Registered 0 Package Description Documents (+0 failed) 
2017-09-29 19:10:43,756 INFO  [org.springframework.extensions.webscripts.DeclarativeRegistry] [asynchronouslyRefreshedCacheThreadPool1] Registered 0 Schema Description Documents (+0 failed) 
2017-09-29 19:10:43,943 INFO  [org.springframework.extensions.webscripts.DeclarativeRegistry] [localhost-startStop-1] Registered 13 Web Scripts (+0 failed), 102 URLs
2017-09-29 19:10:43,943 INFO  [org.springframework.extensions.webscripts.DeclarativeRegistry] [localhost-startStop-1] Registered 0 Package Description Documents (+0 failed) 
2017-09-29 19:10:43,943 INFO  [org.springframework.extensions.webscripts.DeclarativeRegistry] [localhost-startStop-1] Registered 0 Schema Description Documents (+0 failed) 
2017-09-29 19:10:43,959 INFO  [org.springframework.extensions.webscripts.AbstractRuntimeContainer] [localhost-startStop-1] Initialised Public Api Web Script Container (in 6050.2617ms)
2017-09-29 19:10:44,053 INFO  [org.springframework.extensions.webscripts.DeclarativeRegistry] [asynchronouslyRefreshedCacheThreadPool1] Registered 13 Web Scripts (+0 failed), 102 URLs
2017-09-29 19:10:44,115 INFO  [org.springframework.extensions.webscripts.DeclarativeRegistry] [asynchronouslyRefreshedCacheThreadPool1] Registered 0 Package Description Documents (+0 failed) 
2017-09-29 19:10:44,115 INFO  [org.springframework.extensions.webscripts.DeclarativeRegistry] [asynchronouslyRefreshedCacheThreadPool1] Registered 0 Schema Description Documents (+0 failed) 
2017-09-29 19:16:32,714 DEBUG [it.abd.alfresco_allinone_abd.platformsample.HelloWorldWebScript] [http-bio-8080-exec-7] Your 'Hello World' Web Script was called!
