2017-08-06 17:37:50,026 INFO  [org.alfresco.web.config.packaging.ModulePackageManager] [localhost-startStop-1] Found 1 module package(s)
2017-08-06 17:37:50,028 INFO  [org.alfresco.web.config.packaging.ModulePackageManager] [localhost-startStop-1] Alfresco Share JAR Module, 1.0-SNAPSHOT, Sample Share JAR Module (to be included in the share.war) - part of AIO - SDK 3

2017-08-06 17:37:50,529 INFO  [org.springframework.extensions.webscripts.TemplateProcessorRegistry] [localhost-startStop-1] Registered template processor freemarker for extension ftl
2017-08-06 17:37:50,534 INFO  [org.springframework.extensions.webscripts.ScriptProcessorRegistry] [localhost-startStop-1] Registered script processor javascript for extension js
2017-08-06 17:37:50,535 INFO  [org.springframework.extensions.webscripts.TemplateProcessorRegistry] [localhost-startStop-1] Registered template processor freemarker for extension ftl
2017-08-06 17:37:50,537 INFO  [org.springframework.extensions.webscripts.ScriptProcessorRegistry] [localhost-startStop-1] Registered script processor javascript for extension js
2017-08-06 17:37:53,626 INFO  [org.springframework.extensions.webscripts.DeclarativeRegistry] [localhost-startStop-1] Registered 393 Web Scripts (+0 failed), 411 URLs
2017-08-06 17:37:53,626 INFO  [org.springframework.extensions.webscripts.DeclarativeRegistry] [localhost-startStop-1] Registered 8 Package Description Documents (+0 failed) 
2017-08-06 17:37:53,627 INFO  [org.springframework.extensions.webscripts.DeclarativeRegistry] [localhost-startStop-1] Registered 0 Schema Description Documents (+0 failed) 
2017-08-06 17:37:53,721 INFO  [org.springframework.extensions.webscripts.AbstractRuntimeContainer] [localhost-startStop-1] Initialised Surf Container Web Script Container (in 3165.778ms)
2017-08-06 17:37:53,724 INFO  [org.springframework.extensions.webscripts.TemplateProcessorRegistry] [localhost-startStop-1] Registered template processor freemarker for extension ftl
2017-08-06 17:37:53,725 INFO  [org.springframework.extensions.webscripts.ScriptProcessorRegistry] [localhost-startStop-1] Registered script processor javascript for extension js
2017-08-06 18:04:18,456 INFO  [org.alfresco.web.site.EditionInterceptor] [http-bio-8080-exec-6] Successfully retrieved license information from Alfresco.
2017-08-06 18:04:50,461 INFO  [org.alfresco.web.scripts.ImapServerStatus] [http-bio-8080-exec-16] Successfully retrieved IMAP server status from Alfresco: disabled
2017-08-06 18:13:02,813 INFO  [org.alfresco.web.config.packaging.ModulePackageManager] [localhost-startStop-1] Found 1 module package(s)
2017-08-06 18:13:02,814 INFO  [org.alfresco.web.config.packaging.ModulePackageManager] [localhost-startStop-1] Alfresco Share JAR Module, 1.0-SNAPSHOT, Sample Share JAR Module (to be included in the share.war) - part of AIO - SDK 3

2017-08-06 18:13:03,376 INFO  [org.springframework.extensions.webscripts.TemplateProcessorRegistry] [localhost-startStop-1] Registered template processor freemarker for extension ftl
2017-08-06 18:13:03,382 INFO  [org.springframework.extensions.webscripts.ScriptProcessorRegistry] [localhost-startStop-1] Registered script processor javascript for extension js
2017-08-06 18:13:03,383 INFO  [org.springframework.extensions.webscripts.TemplateProcessorRegistry] [localhost-startStop-1] Registered template processor freemarker for extension ftl
2017-08-06 18:13:03,385 INFO  [org.springframework.extensions.webscripts.ScriptProcessorRegistry] [localhost-startStop-1] Registered script processor javascript for extension js
2017-08-06 18:13:06,619 INFO  [org.springframework.extensions.webscripts.DeclarativeRegistry] [localhost-startStop-1] Registered 393 Web Scripts (+0 failed), 411 URLs
2017-08-06 18:13:06,620 INFO  [org.springframework.extensions.webscripts.DeclarativeRegistry] [localhost-startStop-1] Registered 8 Package Description Documents (+0 failed) 
2017-08-06 18:13:06,621 INFO  [org.springframework.extensions.webscripts.DeclarativeRegistry] [localhost-startStop-1] Registered 0 Schema Description Documents (+0 failed) 
2017-08-06 18:13:06,719 INFO  [org.springframework.extensions.webscripts.AbstractRuntimeContainer] [localhost-startStop-1] Initialised Surf Container Web Script Container (in 3312.1106ms)
2017-08-06 18:13:06,723 INFO  [org.springframework.extensions.webscripts.TemplateProcessorRegistry] [localhost-startStop-1] Registered template processor freemarker for extension ftl
2017-08-06 18:13:06,725 INFO  [org.springframework.extensions.webscripts.ScriptProcessorRegistry] [localhost-startStop-1] Registered script processor javascript for extension js
2017-08-06 18:31:26,151 INFO  [org.alfresco.web.config.packaging.ModulePackageManager] [localhost-startStop-1] Found 1 module package(s)
2017-08-06 18:31:26,153 INFO  [org.alfresco.web.config.packaging.ModulePackageManager] [localhost-startStop-1] Alfresco Share JAR Module, 1.0-SNAPSHOT, Sample Share JAR Module (to be included in the share.war) - part of AIO - SDK 3

2017-08-06 18:31:26,633 INFO  [org.springframework.extensions.webscripts.TemplateProcessorRegistry] [localhost-startStop-1] Registered template processor freemarker for extension ftl
2017-08-06 18:31:26,636 INFO  [org.springframework.extensions.webscripts.ScriptProcessorRegistry] [localhost-startStop-1] Registered script processor javascript for extension js
2017-08-06 18:31:26,637 INFO  [org.springframework.extensions.webscripts.TemplateProcessorRegistry] [localhost-startStop-1] Registered template processor freemarker for extension ftl
2017-08-06 18:31:26,639 INFO  [org.springframework.extensions.webscripts.ScriptProcessorRegistry] [localhost-startStop-1] Registered script processor javascript for extension js
2017-08-06 18:31:30,245 INFO  [org.springframework.extensions.webscripts.DeclarativeRegistry] [localhost-startStop-1] Registered 393 Web Scripts (+0 failed), 411 URLs
2017-08-06 18:31:30,245 INFO  [org.springframework.extensions.webscripts.DeclarativeRegistry] [localhost-startStop-1] Registered 8 Package Description Documents (+0 failed) 
2017-08-06 18:31:30,245 INFO  [org.springframework.extensions.webscripts.DeclarativeRegistry] [localhost-startStop-1] Registered 0 Schema Description Documents (+0 failed) 
2017-08-06 18:31:30,327 INFO  [org.springframework.extensions.webscripts.AbstractRuntimeContainer] [localhost-startStop-1] Initialised Surf Container Web Script Container (in 3671.1907ms)
2017-08-06 18:31:30,329 INFO  [org.springframework.extensions.webscripts.TemplateProcessorRegistry] [localhost-startStop-1] Registered template processor freemarker for extension ftl
2017-08-06 18:31:30,330 INFO  [org.springframework.extensions.webscripts.ScriptProcessorRegistry] [localhost-startStop-1] Registered script processor javascript for extension js
2017-08-06 18:37:36,640 INFO  [org.alfresco.web.site.EditionInterceptor] [http-bio-8080-exec-6] Successfully retrieved license information from Alfresco.
2017-08-06 18:38:04,396 INFO  [org.alfresco.web.scripts.ImapServerStatus] [http-bio-8080-exec-6] Successfully retrieved IMAP server status from Alfresco: disabled
2017-08-06 18:44:59,195 INFO  [org.alfresco.web.config.packaging.ModulePackageManager] [localhost-startStop-1] Found 2 module package(s)
2017-08-06 18:44:59,196 INFO  [org.alfresco.web.config.packaging.ModulePackageManager] [localhost-startStop-1] Alfresco Share JAR Module, 1.0-SNAPSHOT, Sample Share JAR Module (to be included in the share.war) - part of AIO - SDK 3
Alfresco Platform/Repository JAR Module, 1.0-SNAPSHOT, Platform/Repo JAR Module (to be included in the alfresco.war) - part of AIO - SDK 3

2017-08-06 18:44:59,960 INFO  [org.springframework.extensions.webscripts.TemplateProcessorRegistry] [localhost-startStop-1] Registered template processor freemarker for extension ftl
2017-08-06 18:44:59,966 INFO  [org.springframework.extensions.webscripts.ScriptProcessorRegistry] [localhost-startStop-1] Registered script processor javascript for extension js
2017-08-06 18:44:59,967 INFO  [org.springframework.extensions.webscripts.TemplateProcessorRegistry] [localhost-startStop-1] Registered template processor freemarker for extension ftl
2017-08-06 18:44:59,969 INFO  [org.springframework.extensions.webscripts.ScriptProcessorRegistry] [localhost-startStop-1] Registered script processor javascript for extension js
2017-08-06 18:45:05,217 INFO  [org.springframework.extensions.webscripts.DeclarativeRegistry] [localhost-startStop-1] Registered 393 Web Scripts (+0 failed), 411 URLs
2017-08-06 18:45:05,218 INFO  [org.springframework.extensions.webscripts.DeclarativeRegistry] [localhost-startStop-1] Registered 8 Package Description Documents (+0 failed) 
2017-08-06 18:45:05,219 INFO  [org.springframework.extensions.webscripts.DeclarativeRegistry] [localhost-startStop-1] Registered 0 Schema Description Documents (+0 failed) 
2017-08-06 18:45:05,351 INFO  [org.springframework.extensions.webscripts.AbstractRuntimeContainer] [localhost-startStop-1] Initialised Surf Container Web Script Container (in 5365.098ms)
2017-08-06 18:45:05,355 INFO  [org.springframework.extensions.webscripts.TemplateProcessorRegistry] [localhost-startStop-1] Registered template processor freemarker for extension ftl
2017-08-06 18:45:05,357 INFO  [org.springframework.extensions.webscripts.ScriptProcessorRegistry] [localhost-startStop-1] Registered script processor javascript for extension js
2017-08-06 18:52:34,697 INFO  [org.alfresco.web.config.packaging.ModulePackageManager] [localhost-startStop-1] Found 2 module package(s)
2017-08-06 18:52:34,699 INFO  [org.alfresco.web.config.packaging.ModulePackageManager] [localhost-startStop-1] Alfresco Share JAR Module, 1.0-SNAPSHOT, Sample Share JAR Module (to be included in the share.war) - part of AIO - SDK 3
Alfresco Platform/Repository JAR Module, 1.0-SNAPSHOT, Platform/Repo JAR Module (to be included in the alfresco.war) - part of AIO - SDK 3

2017-08-06 18:52:35,484 INFO  [org.springframework.extensions.webscripts.TemplateProcessorRegistry] [localhost-startStop-1] Registered template processor freemarker for extension ftl
2017-08-06 18:52:35,491 INFO  [org.springframework.extensions.webscripts.ScriptProcessorRegistry] [localhost-startStop-1] Registered script processor javascript for extension js
2017-08-06 18:52:35,492 INFO  [org.springframework.extensions.webscripts.TemplateProcessorRegistry] [localhost-startStop-1] Registered template processor freemarker for extension ftl
2017-08-06 18:52:35,495 INFO  [org.springframework.extensions.webscripts.ScriptProcessorRegistry] [localhost-startStop-1] Registered script processor javascript for extension js
2017-08-06 18:52:40,455 INFO  [org.springframework.extensions.webscripts.DeclarativeRegistry] [localhost-startStop-1] Registered 393 Web Scripts (+0 failed), 411 URLs
2017-08-06 18:52:40,456 INFO  [org.springframework.extensions.webscripts.DeclarativeRegistry] [localhost-startStop-1] Registered 8 Package Description Documents (+0 failed) 
2017-08-06 18:52:40,457 INFO  [org.springframework.extensions.webscripts.DeclarativeRegistry] [localhost-startStop-1] Registered 0 Schema Description Documents (+0 failed) 
2017-08-06 18:52:40,569 INFO  [org.springframework.extensions.webscripts.AbstractRuntimeContainer] [localhost-startStop-1] Initialised Surf Container Web Script Container (in 5053.1304ms)
2017-08-06 18:52:40,573 INFO  [org.springframework.extensions.webscripts.TemplateProcessorRegistry] [localhost-startStop-1] Registered template processor freemarker for extension ftl
2017-08-06 18:52:40,575 INFO  [org.springframework.extensions.webscripts.ScriptProcessorRegistry] [localhost-startStop-1] Registered script processor javascript for extension js
2017-08-06 18:59:06,893 INFO  [org.alfresco.web.config.packaging.ModulePackageManager] [localhost-startStop-1] Found 1 module package(s)
2017-08-06 18:59:06,894 INFO  [org.alfresco.web.config.packaging.ModulePackageManager] [localhost-startStop-1] Alfresco Share JAR Module, 1.0-SNAPSHOT, Sample Share JAR Module (to be included in the share.war) - part of AIO - SDK 3

2017-08-06 18:59:07,664 INFO  [org.springframework.extensions.webscripts.TemplateProcessorRegistry] [localhost-startStop-1] Registered template processor freemarker for extension ftl
2017-08-06 18:59:07,669 INFO  [org.springframework.extensions.webscripts.ScriptProcessorRegistry] [localhost-startStop-1] Registered script processor javascript for extension js
2017-08-06 18:59:07,670 INFO  [org.springframework.extensions.webscripts.TemplateProcessorRegistry] [localhost-startStop-1] Registered template processor freemarker for extension ftl
2017-08-06 18:59:07,672 INFO  [org.springframework.extensions.webscripts.ScriptProcessorRegistry] [localhost-startStop-1] Registered script processor javascript for extension js
2017-08-06 18:59:12,316 INFO  [org.springframework.extensions.webscripts.DeclarativeRegistry] [localhost-startStop-1] Registered 393 Web Scripts (+0 failed), 411 URLs
2017-08-06 18:59:12,317 INFO  [org.springframework.extensions.webscripts.DeclarativeRegistry] [localhost-startStop-1] Registered 8 Package Description Documents (+0 failed) 
2017-08-06 18:59:12,318 INFO  [org.springframework.extensions.webscripts.DeclarativeRegistry] [localhost-startStop-1] Registered 0 Schema Description Documents (+0 failed) 
2017-08-06 18:59:12,445 INFO  [org.springframework.extensions.webscripts.AbstractRuntimeContainer] [localhost-startStop-1] Initialised Surf Container Web Script Container (in 4747.678ms)
2017-08-06 18:59:12,449 INFO  [org.springframework.extensions.webscripts.TemplateProcessorRegistry] [localhost-startStop-1] Registered template processor freemarker for extension ftl
2017-08-06 18:59:12,451 INFO  [org.springframework.extensions.webscripts.ScriptProcessorRegistry] [localhost-startStop-1] Registered script processor javascript for extension js
2017-08-06 19:04:32,821 INFO  [org.alfresco.web.site.EditionInterceptor] [http-bio-8080-exec-7] Successfully retrieved license information from Alfresco.
2017-08-06 19:05:24,740 INFO  [org.alfresco.web.scripts.ImapServerStatus] [http-bio-8080-exec-4] Successfully retrieved IMAP server status from Alfresco: disabled
