2017-09-29 18:57:57,084 INFO  [org.alfresco.solr.component.AsyncBuildSuggestComponent] Initializing SuggestComponent
2017-09-29 18:57:57,097 INFO  [org.alfresco.solr.component.AsyncBuildSuggestComponent] Initializing SuggestComponent
2017-09-29 18:57:58,345 INFO  [org.alfresco.solr.component.AsyncBuildSuggestComponent] Loading suggester index for: shingleBasedSuggestions
2017-09-29 18:57:59,470 INFO  [org.alfresco.solr.component.AsyncBuildSuggestComponent] Loaded suggester shingleBasedSuggestions, took 1124 ms
2017-09-29 18:58:08,652 ERROR [org.alfresco.solr.tracker.AbstractTracker] Model tracking failed
org.alfresco.error.AlfrescoRuntimeException: 08290000 GetModelsDiff return status is 404
	at org.alfresco.solr.client.SOLRAPIClient.getModelsDiff(SOLRAPIClient.java:1181)
	at org.alfresco.solr.tracker.ModelTracker.trackModelsImpl(ModelTracker.java:256)
	at org.alfresco.solr.tracker.ModelTracker.trackModels(ModelTracker.java:214)
	at org.alfresco.solr.tracker.ModelTracker.ensureFirstModelSync(ModelTracker.java:236)
	at org.alfresco.solr.tracker.CoreWatcherJob.registerForCore(CoreWatcherJob.java:145)
	at org.alfresco.solr.tracker.CoreWatcherJob.execute(CoreWatcherJob.java:82)
	at org.quartz.core.JobRunShell.run(JobRunShell.java:216)
	at org.quartz.simpl.SimpleThreadPool$WorkerThread.run(SimpleThreadPool.java:563)
2017-09-29 18:58:09,344 ERROR [org.alfresco.solr.tracker.AbstractTracker] Model tracking failed
org.alfresco.error.AlfrescoRuntimeException: 08290001 GetModelsDiff return status is 404
	at org.alfresco.solr.client.SOLRAPIClient.getModelsDiff(SOLRAPIClient.java:1181)
	at org.alfresco.solr.tracker.ModelTracker.trackModelsImpl(ModelTracker.java:256)
	at org.alfresco.solr.tracker.ModelTracker.trackModels(ModelTracker.java:214)
	at org.alfresco.solr.tracker.ModelTracker.ensureFirstModelSync(ModelTracker.java:236)
	at org.alfresco.solr.tracker.CoreWatcherJob.registerForCore(CoreWatcherJob.java:145)
	at org.alfresco.solr.tracker.CoreWatcherJob.execute(CoreWatcherJob.java:82)
	at org.quartz.core.JobRunShell.run(JobRunShell.java:216)
	at org.quartz.simpl.SimpleThreadPool$WorkerThread.run(SimpleThreadPool.java:563)
2017-09-29 18:58:15,354 ERROR [org.alfresco.solr.tracker.AbstractTracker] Tracking failed
org.alfresco.error.AlfrescoRuntimeException: 08290002 api/solr/aclchangesets return status:404
	at org.alfresco.solr.client.SOLRAPIClient.getAclChangeSets(SOLRAPIClient.java:169)
	at org.alfresco.solr.tracker.AclTracker.checkRepoAndIndexConsistency(AclTracker.java:354)
	at org.alfresco.solr.tracker.AclTracker.trackRepository(AclTracker.java:320)
	at org.alfresco.solr.tracker.AclTracker.doTrack(AclTracker.java:111)
	at org.alfresco.solr.tracker.AbstractTracker.track(AbstractTracker.java:190)
	at org.alfresco.solr.tracker.TrackerJob.execute(TrackerJob.java:54)
	at org.quartz.core.JobRunShell.run(JobRunShell.java:216)
	at org.quartz.simpl.SimpleThreadPool$WorkerThread.run(SimpleThreadPool.java:563)
2017-09-29 18:58:15,698 ERROR [org.alfresco.solr.tracker.AbstractTracker] Tracking failed
org.alfresco.error.AlfrescoRuntimeException: 08290006 GetModelsDiff return status is 404
	at org.alfresco.solr.client.SOLRAPIClient.getModelsDiff(SOLRAPIClient.java:1181)
	at org.alfresco.solr.tracker.ModelTracker.trackModelsImpl(ModelTracker.java:256)
	at org.alfresco.solr.tracker.ModelTracker.trackModels(ModelTracker.java:214)
	at org.alfresco.solr.tracker.ModelTracker.doTrack(ModelTracker.java:174)
	at org.alfresco.solr.tracker.AbstractTracker.track(AbstractTracker.java:190)
	at org.alfresco.solr.tracker.TrackerJob.execute(TrackerJob.java:54)
	at org.quartz.core.JobRunShell.run(JobRunShell.java:216)
	at org.quartz.simpl.SimpleThreadPool$WorkerThread.run(SimpleThreadPool.java:563)
2017-09-29 18:58:15,557 ERROR [org.alfresco.solr.tracker.AbstractTracker] Model tracking failed
org.alfresco.error.AlfrescoRuntimeException: 08290005 GetModelsDiff return status is 404
	at org.alfresco.solr.client.SOLRAPIClient.getModelsDiff(SOLRAPIClient.java:1181)
	at org.alfresco.solr.tracker.ModelTracker.trackModelsImpl(ModelTracker.java:256)
	at org.alfresco.solr.tracker.ModelTracker.trackModels(ModelTracker.java:214)
	at org.alfresco.solr.tracker.ModelTracker.ensureFirstModelSync(ModelTracker.java:236)
	at org.alfresco.solr.component.EnsureModelsComponent.prepare(EnsureModelsComponent.java:87)
	at org.apache.solr.handler.component.AlfrescoSearchHandler.handleRequestBody(AlfrescoSearchHandler.java:292)
	at org.apache.solr.handler.RequestHandlerBase.handleRequest(RequestHandlerBase.java:135)
	at org.alfresco.solr.Cloud.getResponse(Cloud.java:166)
	at org.alfresco.solr.Cloud.getSolrDocumentList(Cloud.java:150)
	at org.alfresco.solr.SolrInformationServer.getDocsWithUncleanContent(SolrInformationServer.java:722)
	at org.alfresco.solr.tracker.ContentTracker.doTrack(ContentTracker.java:81)
	at org.alfresco.solr.tracker.AbstractTracker.track(AbstractTracker.java:190)
	at org.alfresco.solr.tracker.TrackerJob.execute(TrackerJob.java:54)
	at org.quartz.core.JobRunShell.run(JobRunShell.java:216)
	at org.quartz.simpl.SimpleThreadPool$WorkerThread.run(SimpleThreadPool.java:563)
2017-09-29 18:58:15,557 ERROR [org.alfresco.solr.tracker.AbstractTracker] Tracking failed
org.alfresco.error.AlfrescoRuntimeException: 08290004 api/solr/aclchangesets return status:404
	at org.alfresco.solr.client.SOLRAPIClient.getAclChangeSets(SOLRAPIClient.java:169)
	at org.alfresco.solr.tracker.AclTracker.checkRepoAndIndexConsistency(AclTracker.java:354)
	at org.alfresco.solr.tracker.AclTracker.trackRepository(AclTracker.java:320)
	at org.alfresco.solr.tracker.AclTracker.doTrack(AclTracker.java:111)
	at org.alfresco.solr.tracker.AbstractTracker.track(AbstractTracker.java:190)
	at org.alfresco.solr.tracker.TrackerJob.execute(TrackerJob.java:54)
	at org.quartz.core.JobRunShell.run(JobRunShell.java:216)
	at org.quartz.simpl.SimpleThreadPool$WorkerThread.run(SimpleThreadPool.java:563)
2017-09-29 18:58:15,370 ERROR [org.alfresco.solr.tracker.AbstractTracker] Model tracking failed
org.alfresco.error.AlfrescoRuntimeException: 08290003 GetModelsDiff return status is 404
	at org.alfresco.solr.client.SOLRAPIClient.getModelsDiff(SOLRAPIClient.java:1181)
	at org.alfresco.solr.tracker.ModelTracker.trackModelsImpl(ModelTracker.java:256)
	at org.alfresco.solr.tracker.ModelTracker.trackModels(ModelTracker.java:214)
	at org.alfresco.solr.tracker.ModelTracker.ensureFirstModelSync(ModelTracker.java:236)
	at org.alfresco.solr.component.EnsureModelsComponent.prepare(EnsureModelsComponent.java:87)
	at org.apache.solr.handler.component.AlfrescoSearchHandler.handleRequestBody(AlfrescoSearchHandler.java:292)
	at org.apache.solr.handler.RequestHandlerBase.handleRequest(RequestHandlerBase.java:135)
	at org.alfresco.solr.Cloud.getResponse(Cloud.java:166)
	at org.alfresco.solr.Cloud.getSolrDocumentList(Cloud.java:150)
	at org.alfresco.solr.SolrInformationServer.getDocsWithUncleanContent(SolrInformationServer.java:722)
	at org.alfresco.solr.tracker.ContentTracker.doTrack(ContentTracker.java:81)
	at org.alfresco.solr.tracker.AbstractTracker.track(AbstractTracker.java:190)
	at org.alfresco.solr.tracker.TrackerJob.execute(TrackerJob.java:54)
	at org.quartz.core.JobRunShell.run(JobRunShell.java:216)
	at org.quartz.simpl.SimpleThreadPool$WorkerThread.run(SimpleThreadPool.java:563)
2017-09-29 18:58:30,067 ERROR [org.alfresco.solr.tracker.AbstractTracker] Tracking failed
org.alfresco.error.AlfrescoRuntimeException: 08290007 api/solr/aclchangesets return status:404
	at org.alfresco.solr.client.SOLRAPIClient.getAclChangeSets(SOLRAPIClient.java:169)
	at org.alfresco.solr.tracker.AclTracker.checkRepoAndIndexConsistency(AclTracker.java:354)
	at org.alfresco.solr.tracker.AclTracker.trackRepository(AclTracker.java:320)
	at org.alfresco.solr.tracker.AclTracker.doTrack(AclTracker.java:111)
	at org.alfresco.solr.tracker.AbstractTracker.track(AbstractTracker.java:190)
	at org.alfresco.solr.tracker.TrackerJob.execute(TrackerJob.java:54)
	at org.quartz.core.JobRunShell.run(JobRunShell.java:216)
	at org.quartz.simpl.SimpleThreadPool$WorkerThread.run(SimpleThreadPool.java:563)
2017-09-29 18:58:30,395 ERROR [org.alfresco.solr.tracker.AbstractTracker] Tracking failed
org.alfresco.error.AlfrescoRuntimeException: 08290011 GetModelsDiff return status is 404
	at org.alfresco.solr.client.SOLRAPIClient.getModelsDiff(SOLRAPIClient.java:1181)
	at org.alfresco.solr.tracker.ModelTracker.trackModelsImpl(ModelTracker.java:256)
	at org.alfresco.solr.tracker.ModelTracker.trackModels(ModelTracker.java:214)
	at org.alfresco.solr.tracker.ModelTracker.doTrack(ModelTracker.java:174)
	at org.alfresco.solr.tracker.AbstractTracker.track(AbstractTracker.java:190)
	at org.alfresco.solr.tracker.TrackerJob.execute(TrackerJob.java:54)
	at org.quartz.core.JobRunShell.run(JobRunShell.java:216)
	at org.quartz.simpl.SimpleThreadPool$WorkerThread.run(SimpleThreadPool.java:563)
2017-09-29 18:58:30,317 ERROR [org.alfresco.solr.tracker.AbstractTracker] Model tracking failed
org.alfresco.error.AlfrescoRuntimeException: 08290010 GetModelsDiff return status is 404
	at org.alfresco.solr.client.SOLRAPIClient.getModelsDiff(SOLRAPIClient.java:1181)
	at org.alfresco.solr.tracker.ModelTracker.trackModelsImpl(ModelTracker.java:256)
	at org.alfresco.solr.tracker.ModelTracker.trackModels(ModelTracker.java:214)
	at org.alfresco.solr.tracker.ModelTracker.ensureFirstModelSync(ModelTracker.java:236)
	at org.alfresco.solr.component.EnsureModelsComponent.prepare(EnsureModelsComponent.java:87)
	at org.apache.solr.handler.component.AlfrescoSearchHandler.handleRequestBody(AlfrescoSearchHandler.java:292)
	at org.apache.solr.handler.RequestHandlerBase.handleRequest(RequestHandlerBase.java:135)
	at org.alfresco.solr.Cloud.getResponse(Cloud.java:166)
	at org.alfresco.solr.Cloud.getSolrDocumentList(Cloud.java:150)
	at org.alfresco.solr.SolrInformationServer.getDocsWithUncleanContent(SolrInformationServer.java:722)
	at org.alfresco.solr.tracker.ContentTracker.doTrack(ContentTracker.java:81)
	at org.alfresco.solr.tracker.AbstractTracker.track(AbstractTracker.java:190)
	at org.alfresco.solr.tracker.TrackerJob.execute(TrackerJob.java:54)
	at org.quartz.core.JobRunShell.run(JobRunShell.java:216)
	at org.quartz.simpl.SimpleThreadPool$WorkerThread.run(SimpleThreadPool.java:563)
2017-09-29 18:58:30,208 ERROR [org.alfresco.solr.tracker.AbstractTracker] Model tracking failed
org.alfresco.error.AlfrescoRuntimeException: 08290009 GetModelsDiff return status is 404
	at org.alfresco.solr.client.SOLRAPIClient.getModelsDiff(SOLRAPIClient.java:1181)
	at org.alfresco.solr.tracker.ModelTracker.trackModelsImpl(ModelTracker.java:256)
	at org.alfresco.solr.tracker.ModelTracker.trackModels(ModelTracker.java:214)
	at org.alfresco.solr.tracker.ModelTracker.ensureFirstModelSync(ModelTracker.java:236)
	at org.alfresco.solr.component.EnsureModelsComponent.prepare(EnsureModelsComponent.java:87)
	at org.apache.solr.handler.component.AlfrescoSearchHandler.handleRequestBody(AlfrescoSearchHandler.java:292)
	at org.apache.solr.handler.RequestHandlerBase.handleRequest(RequestHandlerBase.java:135)
	at org.alfresco.solr.Cloud.getResponse(Cloud.java:166)
	at org.alfresco.solr.Cloud.getSolrDocumentList(Cloud.java:150)
	at org.alfresco.solr.SolrInformationServer.getDocsWithUncleanContent(SolrInformationServer.java:722)
	at org.alfresco.solr.tracker.ContentTracker.doTrack(ContentTracker.java:81)
	at org.alfresco.solr.tracker.AbstractTracker.track(AbstractTracker.java:190)
	at org.alfresco.solr.tracker.TrackerJob.execute(TrackerJob.java:54)
	at org.quartz.core.JobRunShell.run(JobRunShell.java:216)
	at org.quartz.simpl.SimpleThreadPool$WorkerThread.run(SimpleThreadPool.java:563)
2017-09-29 18:58:30,192 ERROR [org.alfresco.solr.tracker.AbstractTracker] Tracking failed
org.alfresco.error.AlfrescoRuntimeException: 08290008 api/solr/aclchangesets return status:404
	at org.alfresco.solr.client.SOLRAPIClient.getAclChangeSets(SOLRAPIClient.java:169)
	at org.alfresco.solr.tracker.AclTracker.checkRepoAndIndexConsistency(AclTracker.java:354)
	at org.alfresco.solr.tracker.AclTracker.trackRepository(AclTracker.java:320)
	at org.alfresco.solr.tracker.AclTracker.doTrack(AclTracker.java:111)
	at org.alfresco.solr.tracker.AbstractTracker.track(AbstractTracker.java:190)
	at org.alfresco.solr.tracker.TrackerJob.execute(TrackerJob.java:54)
	at org.quartz.core.JobRunShell.run(JobRunShell.java:216)
	at org.quartz.simpl.SimpleThreadPool$WorkerThread.run(SimpleThreadPool.java:563)
2017-09-29 18:58:45,037 ERROR [org.alfresco.solr.tracker.AbstractTracker] Tracking failed
org.alfresco.error.AlfrescoRuntimeException: 08290012 api/solr/aclchangesets return status:404
	at org.alfresco.solr.client.SOLRAPIClient.getAclChangeSets(SOLRAPIClient.java:169)
	at org.alfresco.solr.tracker.AclTracker.checkRepoAndIndexConsistency(AclTracker.java:354)
	at org.alfresco.solr.tracker.AclTracker.trackRepository(AclTracker.java:320)
	at org.alfresco.solr.tracker.AclTracker.doTrack(AclTracker.java:111)
	at org.alfresco.solr.tracker.AbstractTracker.track(AbstractTracker.java:190)
	at org.alfresco.solr.tracker.TrackerJob.execute(TrackerJob.java:54)
	at org.quartz.core.JobRunShell.run(JobRunShell.java:216)
	at org.quartz.simpl.SimpleThreadPool$WorkerThread.run(SimpleThreadPool.java:563)
2017-09-29 18:58:45,318 ERROR [org.alfresco.solr.tracker.AbstractTracker] Tracking failed
org.alfresco.error.AlfrescoRuntimeException: 08290016 GetModelsDiff return status is 404
	at org.alfresco.solr.client.SOLRAPIClient.getModelsDiff(SOLRAPIClient.java:1181)
	at org.alfresco.solr.tracker.ModelTracker.trackModelsImpl(ModelTracker.java:256)
	at org.alfresco.solr.tracker.ModelTracker.trackModels(ModelTracker.java:214)
	at org.alfresco.solr.tracker.ModelTracker.doTrack(ModelTracker.java:174)
	at org.alfresco.solr.tracker.AbstractTracker.track(AbstractTracker.java:190)
	at org.alfresco.solr.tracker.TrackerJob.execute(TrackerJob.java:54)
	at org.quartz.core.JobRunShell.run(JobRunShell.java:216)
	at org.quartz.simpl.SimpleThreadPool$WorkerThread.run(SimpleThreadPool.java:563)
2017-09-29 18:58:45,224 ERROR [org.alfresco.solr.tracker.AbstractTracker] Model tracking failed
org.alfresco.error.AlfrescoRuntimeException: 08290015 GetModelsDiff return status is 404
	at org.alfresco.solr.client.SOLRAPIClient.getModelsDiff(SOLRAPIClient.java:1181)
	at org.alfresco.solr.tracker.ModelTracker.trackModelsImpl(ModelTracker.java:256)
	at org.alfresco.solr.tracker.ModelTracker.trackModels(ModelTracker.java:214)
	at org.alfresco.solr.tracker.ModelTracker.ensureFirstModelSync(ModelTracker.java:236)
	at org.alfresco.solr.component.EnsureModelsComponent.prepare(EnsureModelsComponent.java:87)
	at org.apache.solr.handler.component.AlfrescoSearchHandler.handleRequestBody(AlfrescoSearchHandler.java:292)
	at org.apache.solr.handler.RequestHandlerBase.handleRequest(RequestHandlerBase.java:135)
	at org.alfresco.solr.Cloud.getResponse(Cloud.java:166)
	at org.alfresco.solr.Cloud.getSolrDocumentList(Cloud.java:150)
	at org.alfresco.solr.SolrInformationServer.getDocsWithUncleanContent(SolrInformationServer.java:722)
	at org.alfresco.solr.tracker.ContentTracker.doTrack(ContentTracker.java:81)
	at org.alfresco.solr.tracker.AbstractTracker.track(AbstractTracker.java:190)
	at org.alfresco.solr.tracker.TrackerJob.execute(TrackerJob.java:54)
	at org.quartz.core.JobRunShell.run(JobRunShell.java:216)
	at org.quartz.simpl.SimpleThreadPool$WorkerThread.run(SimpleThreadPool.java:563)
2017-09-29 18:58:45,193 ERROR [org.alfresco.solr.tracker.AbstractTracker] Model tracking failed
org.alfresco.error.AlfrescoRuntimeException: 08290014 GetModelsDiff return status is 404
	at org.alfresco.solr.client.SOLRAPIClient.getModelsDiff(SOLRAPIClient.java:1181)
	at org.alfresco.solr.tracker.ModelTracker.trackModelsImpl(ModelTracker.java:256)
	at org.alfresco.solr.tracker.ModelTracker.trackModels(ModelTracker.java:214)
	at org.alfresco.solr.tracker.ModelTracker.ensureFirstModelSync(ModelTracker.java:236)
	at org.alfresco.solr.component.EnsureModelsComponent.prepare(EnsureModelsComponent.java:87)
	at org.apache.solr.handler.component.AlfrescoSearchHandler.handleRequestBody(AlfrescoSearchHandler.java:292)
	at org.apache.solr.handler.RequestHandlerBase.handleRequest(RequestHandlerBase.java:135)
	at org.alfresco.solr.Cloud.getResponse(Cloud.java:166)
	at org.alfresco.solr.Cloud.getSolrDocumentList(Cloud.java:150)
	at org.alfresco.solr.SolrInformationServer.getDocsWithUncleanContent(SolrInformationServer.java:722)
	at org.alfresco.solr.tracker.ContentTracker.doTrack(ContentTracker.java:81)
	at org.alfresco.solr.tracker.AbstractTracker.track(AbstractTracker.java:190)
	at org.alfresco.solr.tracker.TrackerJob.execute(TrackerJob.java:54)
	at org.quartz.core.JobRunShell.run(JobRunShell.java:216)
	at org.quartz.simpl.SimpleThreadPool$WorkerThread.run(SimpleThreadPool.java:563)
2017-09-29 18:58:45,115 ERROR [org.alfresco.solr.tracker.AbstractTracker] Tracking failed
org.alfresco.error.AlfrescoRuntimeException: 08290013 api/solr/aclchangesets return status:404
	at org.alfresco.solr.client.SOLRAPIClient.getAclChangeSets(SOLRAPIClient.java:169)
	at org.alfresco.solr.tracker.AclTracker.checkRepoAndIndexConsistency(AclTracker.java:354)
	at org.alfresco.solr.tracker.AclTracker.trackRepository(AclTracker.java:320)
	at org.alfresco.solr.tracker.AclTracker.doTrack(AclTracker.java:111)
	at org.alfresco.solr.tracker.AbstractTracker.track(AbstractTracker.java:190)
	at org.alfresco.solr.tracker.TrackerJob.execute(TrackerJob.java:54)
	at org.quartz.core.JobRunShell.run(JobRunShell.java:216)
	at org.quartz.simpl.SimpleThreadPool$WorkerThread.run(SimpleThreadPool.java:563)
2017-09-29 18:59:00,053 ERROR [org.alfresco.solr.tracker.AbstractTracker] Tracking failed
org.alfresco.error.AlfrescoRuntimeException: 08290018 api/solr/aclchangesets return status:404
	at org.alfresco.solr.client.SOLRAPIClient.getAclChangeSets(SOLRAPIClient.java:169)
	at org.alfresco.solr.tracker.AclTracker.checkRepoAndIndexConsistency(AclTracker.java:354)
	at org.alfresco.solr.tracker.AclTracker.trackRepository(AclTracker.java:320)
	at org.alfresco.solr.tracker.AclTracker.doTrack(AclTracker.java:111)
	at org.alfresco.solr.tracker.AbstractTracker.track(AbstractTracker.java:190)
	at org.alfresco.solr.tracker.TrackerJob.execute(TrackerJob.java:54)
	at org.quartz.core.JobRunShell.run(JobRunShell.java:216)
	at org.quartz.simpl.SimpleThreadPool$WorkerThread.run(SimpleThreadPool.java:563)
2017-09-29 18:59:00,069 ERROR [org.alfresco.solr.tracker.AbstractTracker] Tracking failed
org.alfresco.error.AlfrescoRuntimeException: 08290017 api/solr/aclchangesets return status:404
	at org.alfresco.solr.client.SOLRAPIClient.getAclChangeSets(SOLRAPIClient.java:169)
	at org.alfresco.solr.tracker.AclTracker.checkRepoAndIndexConsistency(AclTracker.java:354)
	at org.alfresco.solr.tracker.AclTracker.trackRepository(AclTracker.java:320)
	at org.alfresco.solr.tracker.AclTracker.doTrack(AclTracker.java:111)
	at org.alfresco.solr.tracker.AbstractTracker.track(AbstractTracker.java:190)
	at org.alfresco.solr.tracker.TrackerJob.execute(TrackerJob.java:54)
	at org.quartz.core.JobRunShell.run(JobRunShell.java:216)
	at org.quartz.simpl.SimpleThreadPool$WorkerThread.run(SimpleThreadPool.java:563)
2017-09-29 18:59:00,115 ERROR [org.alfresco.solr.tracker.AbstractTracker] Model tracking failed
org.alfresco.error.AlfrescoRuntimeException: 08290019 GetModelsDiff return status is 404
	at org.alfresco.solr.client.SOLRAPIClient.getModelsDiff(SOLRAPIClient.java:1181)
	at org.alfresco.solr.tracker.ModelTracker.trackModelsImpl(ModelTracker.java:256)
	at org.alfresco.solr.tracker.ModelTracker.trackModels(ModelTracker.java:214)
	at org.alfresco.solr.tracker.ModelTracker.ensureFirstModelSync(ModelTracker.java:236)
	at org.alfresco.solr.component.EnsureModelsComponent.prepare(EnsureModelsComponent.java:87)
	at org.apache.solr.handler.component.AlfrescoSearchHandler.handleRequestBody(AlfrescoSearchHandler.java:292)
	at org.apache.solr.handler.RequestHandlerBase.handleRequest(RequestHandlerBase.java:135)
	at org.alfresco.solr.Cloud.getResponse(Cloud.java:166)
	at org.alfresco.solr.Cloud.getSolrDocumentList(Cloud.java:150)
	at org.alfresco.solr.SolrInformationServer.getDocsWithUncleanContent(SolrInformationServer.java:722)
	at org.alfresco.solr.tracker.ContentTracker.doTrack(ContentTracker.java:81)
	at org.alfresco.solr.tracker.AbstractTracker.track(AbstractTracker.java:190)
	at org.alfresco.solr.tracker.TrackerJob.execute(TrackerJob.java:54)
	at org.quartz.core.JobRunShell.run(JobRunShell.java:216)
	at org.quartz.simpl.SimpleThreadPool$WorkerThread.run(SimpleThreadPool.java:563)
2017-09-29 18:59:00,147 ERROR [org.alfresco.solr.tracker.AbstractTracker] Model tracking failed
org.alfresco.error.AlfrescoRuntimeException: 08290020 GetModelsDiff return status is 404
	at org.alfresco.solr.client.SOLRAPIClient.getModelsDiff(SOLRAPIClient.java:1181)
	at org.alfresco.solr.tracker.ModelTracker.trackModelsImpl(ModelTracker.java:256)
	at org.alfresco.solr.tracker.ModelTracker.trackModels(ModelTracker.java:214)
	at org.alfresco.solr.tracker.ModelTracker.ensureFirstModelSync(ModelTracker.java:236)
	at org.alfresco.solr.component.EnsureModelsComponent.prepare(EnsureModelsComponent.java:87)
	at org.apache.solr.handler.component.AlfrescoSearchHandler.handleRequestBody(AlfrescoSearchHandler.java:292)
	at org.apache.solr.handler.RequestHandlerBase.handleRequest(RequestHandlerBase.java:135)
	at org.alfresco.solr.Cloud.getResponse(Cloud.java:166)
	at org.alfresco.solr.Cloud.getSolrDocumentList(Cloud.java:150)
	at org.alfresco.solr.SolrInformationServer.getDocsWithUncleanContent(SolrInformationServer.java:722)
	at org.alfresco.solr.tracker.ContentTracker.doTrack(ContentTracker.java:81)
	at org.alfresco.solr.tracker.AbstractTracker.track(AbstractTracker.java:190)
	at org.alfresco.solr.tracker.TrackerJob.execute(TrackerJob.java:54)
	at org.quartz.core.JobRunShell.run(JobRunShell.java:216)
	at org.quartz.simpl.SimpleThreadPool$WorkerThread.run(SimpleThreadPool.java:563)
2017-09-29 18:59:00,287 ERROR [org.alfresco.solr.tracker.AbstractTracker] Tracking failed
org.alfresco.error.AlfrescoRuntimeException: 08290021 GetModelsDiff return status is 404
	at org.alfresco.solr.client.SOLRAPIClient.getModelsDiff(SOLRAPIClient.java:1181)
	at org.alfresco.solr.tracker.ModelTracker.trackModelsImpl(ModelTracker.java:256)
	at org.alfresco.solr.tracker.ModelTracker.trackModels(ModelTracker.java:214)
	at org.alfresco.solr.tracker.ModelTracker.doTrack(ModelTracker.java:174)
	at org.alfresco.solr.tracker.AbstractTracker.track(AbstractTracker.java:190)
	at org.alfresco.solr.tracker.TrackerJob.execute(TrackerJob.java:54)
	at org.quartz.core.JobRunShell.run(JobRunShell.java:216)
	at org.quartz.simpl.SimpleThreadPool$WorkerThread.run(SimpleThreadPool.java:563)
2017-09-29 18:59:15,054 ERROR [org.alfresco.solr.tracker.AbstractTracker] Tracking failed
org.alfresco.error.AlfrescoRuntimeException: 08290022 api/solr/aclchangesets return status:404
	at org.alfresco.solr.client.SOLRAPIClient.getAclChangeSets(SOLRAPIClient.java:169)
	at org.alfresco.solr.tracker.AclTracker.checkRepoAndIndexConsistency(AclTracker.java:354)
	at org.alfresco.solr.tracker.AclTracker.trackRepository(AclTracker.java:320)
	at org.alfresco.solr.tracker.AclTracker.doTrack(AclTracker.java:111)
	at org.alfresco.solr.tracker.AbstractTracker.track(AbstractTracker.java:190)
	at org.alfresco.solr.tracker.TrackerJob.execute(TrackerJob.java:54)
	at org.quartz.core.JobRunShell.run(JobRunShell.java:216)
	at org.quartz.simpl.SimpleThreadPool$WorkerThread.run(SimpleThreadPool.java:563)
2017-09-29 18:59:15,085 ERROR [org.alfresco.solr.tracker.AbstractTracker] Tracking failed
org.alfresco.error.AlfrescoRuntimeException: 08290023 api/solr/aclchangesets return status:404
	at org.alfresco.solr.client.SOLRAPIClient.getAclChangeSets(SOLRAPIClient.java:169)
	at org.alfresco.solr.tracker.AclTracker.checkRepoAndIndexConsistency(AclTracker.java:354)
	at org.alfresco.solr.tracker.AclTracker.trackRepository(AclTracker.java:320)
	at org.alfresco.solr.tracker.AclTracker.doTrack(AclTracker.java:111)
	at org.alfresco.solr.tracker.AbstractTracker.track(AbstractTracker.java:190)
	at org.alfresco.solr.tracker.TrackerJob.execute(TrackerJob.java:54)
	at org.quartz.core.JobRunShell.run(JobRunShell.java:216)
	at org.quartz.simpl.SimpleThreadPool$WorkerThread.run(SimpleThreadPool.java:563)
2017-09-29 18:59:15,100 ERROR [org.alfresco.solr.tracker.AbstractTracker] Model tracking failed
org.alfresco.error.AlfrescoRuntimeException: 08290024 GetModelsDiff return status is 404
	at org.alfresco.solr.client.SOLRAPIClient.getModelsDiff(SOLRAPIClient.java:1181)
	at org.alfresco.solr.tracker.ModelTracker.trackModelsImpl(ModelTracker.java:256)
	at org.alfresco.solr.tracker.ModelTracker.trackModels(ModelTracker.java:214)
	at org.alfresco.solr.tracker.ModelTracker.ensureFirstModelSync(ModelTracker.java:236)
	at org.alfresco.solr.component.EnsureModelsComponent.prepare(EnsureModelsComponent.java:87)
	at org.apache.solr.handler.component.AlfrescoSearchHandler.handleRequestBody(AlfrescoSearchHandler.java:292)
	at org.apache.solr.handler.RequestHandlerBase.handleRequest(RequestHandlerBase.java:135)
	at org.alfresco.solr.Cloud.getResponse(Cloud.java:166)
	at org.alfresco.solr.Cloud.getSolrDocumentList(Cloud.java:150)
	at org.alfresco.solr.SolrInformationServer.getDocsWithUncleanContent(SolrInformationServer.java:722)
	at org.alfresco.solr.tracker.ContentTracker.doTrack(ContentTracker.java:81)
	at org.alfresco.solr.tracker.AbstractTracker.track(AbstractTracker.java:190)
	at org.alfresco.solr.tracker.TrackerJob.execute(TrackerJob.java:54)
	at org.quartz.core.JobRunShell.run(JobRunShell.java:216)
	at org.quartz.simpl.SimpleThreadPool$WorkerThread.run(SimpleThreadPool.java:563)
2017-09-29 18:59:15,132 ERROR [org.alfresco.solr.tracker.AbstractTracker] Model tracking failed
org.alfresco.error.AlfrescoRuntimeException: 08290025 GetModelsDiff return status is 404
	at org.alfresco.solr.client.SOLRAPIClient.getModelsDiff(SOLRAPIClient.java:1181)
	at org.alfresco.solr.tracker.ModelTracker.trackModelsImpl(ModelTracker.java:256)
	at org.alfresco.solr.tracker.ModelTracker.trackModels(ModelTracker.java:214)
	at org.alfresco.solr.tracker.ModelTracker.ensureFirstModelSync(ModelTracker.java:236)
	at org.alfresco.solr.component.EnsureModelsComponent.prepare(EnsureModelsComponent.java:87)
	at org.apache.solr.handler.component.AlfrescoSearchHandler.handleRequestBody(AlfrescoSearchHandler.java:292)
	at org.apache.solr.handler.RequestHandlerBase.handleRequest(RequestHandlerBase.java:135)
	at org.alfresco.solr.Cloud.getResponse(Cloud.java:166)
	at org.alfresco.solr.Cloud.getSolrDocumentList(Cloud.java:150)
	at org.alfresco.solr.SolrInformationServer.getDocsWithUncleanContent(SolrInformationServer.java:722)
	at org.alfresco.solr.tracker.ContentTracker.doTrack(ContentTracker.java:81)
	at org.alfresco.solr.tracker.AbstractTracker.track(AbstractTracker.java:190)
	at org.alfresco.solr.tracker.TrackerJob.execute(TrackerJob.java:54)
	at org.quartz.core.JobRunShell.run(JobRunShell.java:216)
	at org.quartz.simpl.SimpleThreadPool$WorkerThread.run(SimpleThreadPool.java:563)
2017-09-29 18:59:15,179 ERROR [org.alfresco.solr.tracker.AbstractTracker] Tracking failed
org.alfresco.error.AlfrescoRuntimeException: 08290026 GetModelsDiff return status is 404
	at org.alfresco.solr.client.SOLRAPIClient.getModelsDiff(SOLRAPIClient.java:1181)
	at org.alfresco.solr.tracker.ModelTracker.trackModelsImpl(ModelTracker.java:256)
	at org.alfresco.solr.tracker.ModelTracker.trackModels(ModelTracker.java:214)
	at org.alfresco.solr.tracker.ModelTracker.doTrack(ModelTracker.java:174)
	at org.alfresco.solr.tracker.AbstractTracker.track(AbstractTracker.java:190)
	at org.alfresco.solr.tracker.TrackerJob.execute(TrackerJob.java:54)
	at org.quartz.core.JobRunShell.run(JobRunShell.java:216)
	at org.quartz.simpl.SimpleThreadPool$WorkerThread.run(SimpleThreadPool.java:563)
2017-09-29 18:59:30,054 ERROR [org.alfresco.solr.tracker.AbstractTracker] Tracking failed
org.alfresco.error.AlfrescoRuntimeException: 08290027 api/solr/aclchangesets return status:404
	at org.alfresco.solr.client.SOLRAPIClient.getAclChangeSets(SOLRAPIClient.java:169)
	at org.alfresco.solr.tracker.AclTracker.checkRepoAndIndexConsistency(AclTracker.java:354)
	at org.alfresco.solr.tracker.AclTracker.trackRepository(AclTracker.java:320)
	at org.alfresco.solr.tracker.AclTracker.doTrack(AclTracker.java:111)
	at org.alfresco.solr.tracker.AbstractTracker.track(AbstractTracker.java:190)
	at org.alfresco.solr.tracker.TrackerJob.execute(TrackerJob.java:54)
	at org.quartz.core.JobRunShell.run(JobRunShell.java:216)
	at org.quartz.simpl.SimpleThreadPool$WorkerThread.run(SimpleThreadPool.java:563)
2017-09-29 18:59:30,164 ERROR [org.alfresco.solr.tracker.AbstractTracker] Tracking failed
org.alfresco.error.AlfrescoRuntimeException: 08290031 GetModelsDiff return status is 404
	at org.alfresco.solr.client.SOLRAPIClient.getModelsDiff(SOLRAPIClient.java:1181)
	at org.alfresco.solr.tracker.ModelTracker.trackModelsImpl(ModelTracker.java:256)
	at org.alfresco.solr.tracker.ModelTracker.trackModels(ModelTracker.java:214)
	at org.alfresco.solr.tracker.ModelTracker.doTrack(ModelTracker.java:174)
	at org.alfresco.solr.tracker.AbstractTracker.track(AbstractTracker.java:190)
	at org.alfresco.solr.tracker.TrackerJob.execute(TrackerJob.java:54)
	at org.quartz.core.JobRunShell.run(JobRunShell.java:216)
	at org.quartz.simpl.SimpleThreadPool$WorkerThread.run(SimpleThreadPool.java:563)
2017-09-29 18:59:30,101 ERROR [org.alfresco.solr.tracker.AbstractTracker] Model tracking failed
org.alfresco.error.AlfrescoRuntimeException: 08290030 GetModelsDiff return status is 404
	at org.alfresco.solr.client.SOLRAPIClient.getModelsDiff(SOLRAPIClient.java:1181)
	at org.alfresco.solr.tracker.ModelTracker.trackModelsImpl(ModelTracker.java:256)
	at org.alfresco.solr.tracker.ModelTracker.trackModels(ModelTracker.java:214)
	at org.alfresco.solr.tracker.ModelTracker.ensureFirstModelSync(ModelTracker.java:236)
	at org.alfresco.solr.component.EnsureModelsComponent.prepare(EnsureModelsComponent.java:87)
	at org.apache.solr.handler.component.AlfrescoSearchHandler.handleRequestBody(AlfrescoSearchHandler.java:292)
	at org.apache.solr.handler.RequestHandlerBase.handleRequest(RequestHandlerBase.java:135)
	at org.alfresco.solr.Cloud.getResponse(Cloud.java:166)
	at org.alfresco.solr.Cloud.getSolrDocumentList(Cloud.java:150)
	at org.alfresco.solr.SolrInformationServer.getDocsWithUncleanContent(SolrInformationServer.java:722)
	at org.alfresco.solr.tracker.ContentTracker.doTrack(ContentTracker.java:81)
	at org.alfresco.solr.tracker.AbstractTracker.track(AbstractTracker.java:190)
	at org.alfresco.solr.tracker.TrackerJob.execute(TrackerJob.java:54)
	at org.quartz.core.JobRunShell.run(JobRunShell.java:216)
	at org.quartz.simpl.SimpleThreadPool$WorkerThread.run(SimpleThreadPool.java:563)
2017-09-29 18:59:30,070 ERROR [org.alfresco.solr.tracker.AbstractTracker] Tracking failed
org.alfresco.error.AlfrescoRuntimeException: 08290028 api/solr/aclchangesets return status:404
	at org.alfresco.solr.client.SOLRAPIClient.getAclChangeSets(SOLRAPIClient.java:169)
	at org.alfresco.solr.tracker.AclTracker.checkRepoAndIndexConsistency(AclTracker.java:354)
	at org.alfresco.solr.tracker.AclTracker.trackRepository(AclTracker.java:320)
	at org.alfresco.solr.tracker.AclTracker.doTrack(AclTracker.java:111)
	at org.alfresco.solr.tracker.AbstractTracker.track(AbstractTracker.java:190)
	at org.alfresco.solr.tracker.TrackerJob.execute(TrackerJob.java:54)
	at org.quartz.core.JobRunShell.run(JobRunShell.java:216)
	at org.quartz.simpl.SimpleThreadPool$WorkerThread.run(SimpleThreadPool.java:563)
2017-09-29 18:59:30,054 ERROR [org.alfresco.solr.tracker.AbstractTracker] Model tracking failed
org.alfresco.error.AlfrescoRuntimeException: 08290029 GetModelsDiff return status is 404
	at org.alfresco.solr.client.SOLRAPIClient.getModelsDiff(SOLRAPIClient.java:1181)
	at org.alfresco.solr.tracker.ModelTracker.trackModelsImpl(ModelTracker.java:256)
	at org.alfresco.solr.tracker.ModelTracker.trackModels(ModelTracker.java:214)
	at org.alfresco.solr.tracker.ModelTracker.ensureFirstModelSync(ModelTracker.java:236)
	at org.alfresco.solr.component.EnsureModelsComponent.prepare(EnsureModelsComponent.java:87)
	at org.apache.solr.handler.component.AlfrescoSearchHandler.handleRequestBody(AlfrescoSearchHandler.java:292)
	at org.apache.solr.handler.RequestHandlerBase.handleRequest(RequestHandlerBase.java:135)
	at org.alfresco.solr.Cloud.getResponse(Cloud.java:166)
	at org.alfresco.solr.Cloud.getSolrDocumentList(Cloud.java:150)
	at org.alfresco.solr.SolrInformationServer.getDocsWithUncleanContent(SolrInformationServer.java:722)
	at org.alfresco.solr.tracker.ContentTracker.doTrack(ContentTracker.java:81)
	at org.alfresco.solr.tracker.AbstractTracker.track(AbstractTracker.java:190)
	at org.alfresco.solr.tracker.TrackerJob.execute(TrackerJob.java:54)
	at org.quartz.core.JobRunShell.run(JobRunShell.java:216)
	at org.quartz.simpl.SimpleThreadPool$WorkerThread.run(SimpleThreadPool.java:563)
2017-09-29 19:12:47,668 INFO  [org.alfresco.solr.component.AsyncBuildSuggestComponent] Initializing SuggestComponent
2017-09-29 19:12:47,668 INFO  [org.alfresco.solr.component.AsyncBuildSuggestComponent] Initializing SuggestComponent
2017-09-29 19:12:48,559 INFO  [org.alfresco.solr.component.AsyncBuildSuggestComponent] Loading suggester index for: shingleBasedSuggestions
2017-09-29 19:12:49,637 INFO  [org.alfresco.solr.component.AsyncBuildSuggestComponent] Loaded suggester shingleBasedSuggestions, took 1063 ms
2017-09-29 19:13:30,706 ERROR [org.alfresco.solr.tracker.AbstractTracker] Tracking failed
java.io.FileNotFoundException: C:\workspace-eclipse-2017\workspace-alfresco-support\alfresco-allinone-abd\alf_data_dev\solr\alfrescoModels\cmis.cmismodel.1280296084.xml (Accesso negato)
	at java.io.FileOutputStream.open0(Native Method)
	at java.io.FileOutputStream.open(FileOutputStream.java:270)
	at java.io.FileOutputStream.<init>(FileOutputStream.java:213)
	at java.io.FileOutputStream.<init>(FileOutputStream.java:162)
	at org.alfresco.solr.tracker.ModelTracker.trackModelsImpl(ModelTracker.java:305)
	at org.alfresco.solr.tracker.ModelTracker.trackModels(ModelTracker.java:228)
	at org.alfresco.solr.tracker.ModelTracker.doTrack(ModelTracker.java:174)
	at org.alfresco.solr.tracker.AbstractTracker.track(AbstractTracker.java:190)
	at org.alfresco.solr.tracker.TrackerJob.execute(TrackerJob.java:54)
	at org.quartz.core.JobRunShell.run(JobRunShell.java:216)
	at org.quartz.simpl.SimpleThreadPool$WorkerThread.run(SimpleThreadPool.java:563)
